<?xml version="1.0" encoding="UTF-8" ?>
<testsuite tests="42" failures="0" name="org.zencoinj.core.PeerGroupTest" time="4.515" errors="0" skipped="2">
  <properties>
[...]
</properties>
  <testcase classname="org.zencoinj.core.PeerGroupTest" name="singleDownloadPeer1[0]" time="0.046"/>
  <testcase classname="org.zencoinj.core.PeerGroupTest" name="singleDownloadPeer2[0]" time="0.049"/>
  <testcase classname="org.zencoinj.core.PeerGroupTest" name="receiveTxBroadcastOnAddedWallet[0]" time="0.079"/>
  <testcase classname="org.zencoinj.core.PeerGroupTest" name="downloadPeerSelection[0]" time="0.038"/>
  <testcase classname="org.zencoinj.core.PeerGroupTest" name="preferLocalPeer[0]" time="0.027"/>
  <testcase classname="org.zencoinj.core.PeerGroupTest" name="waitForNumPeers1[0]" time="0.047"/>
  <testcase classname="org.zencoinj.core.PeerGroupTest" name="transactionConfidence[0]" time="0.048"/>
  <testcase classname="org.zencoinj.core.PeerGroupTest" name="peerTimeoutTest[0]" time="0.137"/>
  <testcase classname="org.zencoinj.core.PeerGroupTest" name="autoRescanOnKeyExhaustion[0]" time="0.089"/>
  <testcase classname="org.zencoinj.core.PeerGroupTest" name="pings[0]" time="0.242"/>
  <testcase classname="org.zencoinj.core.PeerGroupTest" name="receiveTxBroadcast[0]" time="0.047"/>
  <testcase classname="org.zencoinj.core.PeerGroupTest" name="testBloomResendOnNewKey[0]" time="0.042"/>
  <testcase classname="org.zencoinj.core.PeerGroupTest" name="peerDiscoveryPolling[0]" time="1.042"/>
  <testcase classname="org.zencoinj.core.PeerGroupTest" name="testBloomOnP2Pubkey[0]" time="0.05"/>
  <testcase classname="org.zencoinj.core.PeerGroupTest" name="peerPriority[0]" time="0.05">
    <skipped message="disabled for now as this test is too flaky"/>
    <system-err>18:25:52 224 PeerGroup$9.run: Stopping ...
</system-err>
  </testcase>
  <testcase classname="org.zencoinj.core.PeerGroupTest" name="waitForPeersOfVersion[0]" time="0.037"/>
  <testcase classname="org.zencoinj.core.PeerGroupTest" name="listener[0]" time="0.044"/>
  <testcase classname="org.zencoinj.core.PeerGroupTest" name="multiplePeerDiscovery[0]" time="0.032"/>
  <testcase classname="org.zencoinj.core.PeerGroupTest" name="testWalletCatchupTime[0]" time="0.057"/>
  <testcase classname="org.zencoinj.core.PeerGroupTest" name="waitForPeersWithServiceFlags[0]" time="0.039"/>
  <testcase classname="org.zencoinj.core.PeerGroupTest" name="noPings[0]" time="0.043"/>
  <testcase classname="org.zencoinj.core.PeerGroupTest" name="singleDownloadPeer1[1]" time="0.057"/>
  <testcase classname="org.zencoinj.core.PeerGroupTest" name="singleDownloadPeer2[1]" time="0.053"/>
  <testcase classname="org.zencoinj.core.PeerGroupTest" name="receiveTxBroadcastOnAddedWallet[1]" time="0.081"/>
  <testcase classname="org.zencoinj.core.PeerGroupTest" name="downloadPeerSelection[1]" time="0.04"/>
  <testcase classname="org.zencoinj.core.PeerGroupTest" name="preferLocalPeer[1]" time="0.027"/>
  <testcase classname="org.zencoinj.core.PeerGroupTest" name="waitForNumPeers1[1]" time="0.036"/>
  <testcase classname="org.zencoinj.core.PeerGroupTest" name="transactionConfidence[1]" time="0.052"/>
  <testcase classname="org.zencoinj.core.PeerGroupTest" name="peerTimeoutTest[1]" time="0.135"/>
  <testcase classname="org.zencoinj.core.PeerGroupTest" name="autoRescanOnKeyExhaustion[1]" time="0.076"/>
  <testcase classname="org.zencoinj.core.PeerGroupTest" name="pings[1]" time="0.236"/>
  <testcase classname="org.zencoinj.core.PeerGroupTest" name="receiveTxBroadcast[1]" time="0.045"/>
  <testcase classname="org.zencoinj.core.PeerGroupTest" name="testBloomResendOnNewKey[1]" time="0.051"/>
  <testcase classname="org.zencoinj.core.PeerGroupTest" name="peerDiscoveryPolling[1]" time="1.034"/>
  <testcase classname="org.zencoinj.core.PeerGroupTest" name="testBloomOnP2Pubkey[1]" time="0.036"/>
  <testcase classname="org.zencoinj.core.PeerGroupTest" name="peerPriority[1]" time="0.037">
    <skipped message="disabled for now as this test is too flaky"/>
  </testcase>
  <testcase classname="org.zencoinj.core.PeerGroupTest" name="waitForPeersOfVersion[1]" time="0.035"/>
  <testcase classname="org.zencoinj.core.PeerGroupTest" name="listener[1]" time="0.035"/>
  <testcase classname="org.zencoinj.core.PeerGroupTest" name="multiplePeerDiscovery[1]" time="0.032"/>
  <testcase classname="org.zencoinj.core.PeerGroupTest" name="testWalletCatchupTime[1]" time="0.06"/>
  <testcase classname="org.zencoinj.core.PeerGroupTest" name="waitForPeersWithServiceFlags[1]" time="0.041"/>
  <testcase classname="org.zencoinj.core.PeerGroupTest" name="noPings[1]" time="0.031"/>
</testsuite>