<?xml version="1.0" encoding="UTF-8" ?>
<testsuite tests="34" failures="0" name="org.zencoinj.protocols.channels.ChannelConnectionTest" time="11.401" errors="0" skipped="0">
  <properties>
[...]
</properties>
  <testcase classname="org.zencoinj.protocols.channels.ChannelConnectionTest" name="testDontResumeEmptyChannels[0: ChannelConnectionTest(org.zencoinj.protocols.channels.ChannelConnectionTest$2@6979efad)]" time="0.134"/>
  <testcase classname="org.zencoinj.protocols.channels.ChannelConnectionTest" name="testServerErrorHandling_killSocketOnClose[0: ChannelConnectionTest(org.zencoinj.protocols.channels.ChannelConnectionTest$2@6979efad)]" time="0.069"/>
  <testcase classname="org.zencoinj.protocols.channels.ChannelConnectionTest" name="testServerErrorHandling_killSocketOnError[0: ChannelConnectionTest(org.zencoinj.protocols.channels.ChannelConnectionTest$2@6979efad)]" time="0.055"/>
  <testcase classname="org.zencoinj.protocols.channels.ChannelConnectionTest" name="testClientUnknownVersion[0: ChannelConnectionTest(org.zencoinj.protocols.channels.ChannelConnectionTest$2@6979efad)]" time="0.059"/>
  <testcase classname="org.zencoinj.protocols.channels.ChannelConnectionTest" name="testChannelResume[0: ChannelConnectionTest(org.zencoinj.protocols.channels.ChannelConnectionTest$2@6979efad)]" time="2.162"/>
  <testcase classname="org.zencoinj.protocols.channels.ChannelConnectionTest" name="repeatedChannels[0: ChannelConnectionTest(org.zencoinj.protocols.channels.ChannelConnectionTest$2@6979efad)]" time="0.084"/>
  <testcase classname="org.zencoinj.protocols.channels.ChannelConnectionTest" name="testClientErrorHandlingIncreasePaymentError[0: ChannelConnectionTest(org.zencoinj.protocols.channels.ChannelConnectionTest$2@6979efad)]" time="0.067"/>
  <testcase classname="org.zencoinj.protocols.channels.ChannelConnectionTest" name="testValuesAreRespected[0: ChannelConnectionTest(org.zencoinj.protocols.channels.ChannelConnectionTest$2@6979efad)]" time="0.068"/>
  <testcase classname="org.zencoinj.protocols.channels.ChannelConnectionTest" name="testClientRandomMessage[0: ChannelConnectionTest(org.zencoinj.protocols.channels.ChannelConnectionTest$2@6979efad)]" time="0.062"/>
  <testcase classname="org.zencoinj.protocols.channels.ChannelConnectionTest" name="testClientTimeWindowUnacceptable[0: ChannelConnectionTest(org.zencoinj.protocols.channels.ChannelConnectionTest$2@6979efad)]" time="0.062"/>
  <testcase classname="org.zencoinj.protocols.channels.ChannelConnectionTest" name="testClientResumeNothing[0: ChannelConnectionTest(org.zencoinj.protocols.channels.ChannelConnectionTest$2@6979efad)]" time="0.059"/>
  <testcase classname="org.zencoinj.protocols.channels.ChannelConnectionTest" name="testSimpleChannel[0: ChannelConnectionTest(org.zencoinj.protocols.channels.ChannelConnectionTest$2@6979efad)]" time="1.342"/>
  <testcase classname="org.zencoinj.protocols.channels.ChannelConnectionTest" name="testEncryptedClientWallet[0: ChannelConnectionTest(org.zencoinj.protocols.channels.ChannelConnectionTest$2@6979efad)]" time="1.405"/>
  <testcase classname="org.zencoinj.protocols.channels.ChannelConnectionTest" name="testEmptyWallet[0: ChannelConnectionTest(org.zencoinj.protocols.channels.ChannelConnectionTest$2@6979efad)]" time="0.062"/>
  <testcase classname="org.zencoinj.protocols.channels.ChannelConnectionTest" name="testBadResumeHash[0: ChannelConnectionTest(org.zencoinj.protocols.channels.ChannelConnectionTest$2@6979efad)]" time="0.041"/>
  <testcase classname="org.zencoinj.protocols.channels.ChannelConnectionTest" name="testClientRefusesNonCanonicalKey[0: ChannelConnectionTest(org.zencoinj.protocols.channels.ChannelConnectionTest$2@6979efad)]" time="0.05"/>
  <testcase classname="org.zencoinj.protocols.channels.ChannelConnectionTest" name="testServerErrorHandling_badTransaction[0: ChannelConnectionTest(org.zencoinj.protocols.channels.ChannelConnectionTest$2@6979efad)]" time="0.053"/>
  <testcase classname="org.zencoinj.protocols.channels.ChannelConnectionTest" name="testDontResumeEmptyChannels[1: ChannelConnectionTest(org.zencoinj.protocols.channels.ChannelConnectionTest$3@5a6d5a8f)]" time="0.057"/>
  <testcase classname="org.zencoinj.protocols.channels.ChannelConnectionTest" name="testServerErrorHandling_killSocketOnClose[1: ChannelConnectionTest(org.zencoinj.protocols.channels.ChannelConnectionTest$3@5a6d5a8f)]" time="0.048"/>
  <testcase classname="org.zencoinj.protocols.channels.ChannelConnectionTest" name="testServerErrorHandling_killSocketOnError[1: ChannelConnectionTest(org.zencoinj.protocols.channels.ChannelConnectionTest$3@5a6d5a8f)]" time="0.054"/>
  <testcase classname="org.zencoinj.protocols.channels.ChannelConnectionTest" name="testClientUnknownVersion[1: ChannelConnectionTest(org.zencoinj.protocols.channels.ChannelConnectionTest$3@5a6d5a8f)]" time="0.047"/>
  <testcase classname="org.zencoinj.protocols.channels.ChannelConnectionTest" name="testChannelResume[1: ChannelConnectionTest(org.zencoinj.protocols.channels.ChannelConnectionTest$3@5a6d5a8f)]" time="2.073"/>
  <testcase classname="org.zencoinj.protocols.channels.ChannelConnectionTest" name="repeatedChannels[1: ChannelConnectionTest(org.zencoinj.protocols.channels.ChannelConnectionTest$3@5a6d5a8f)]" time="0.073"/>
  <testcase classname="org.zencoinj.protocols.channels.ChannelConnectionTest" name="testClientErrorHandlingIncreasePaymentError[1: ChannelConnectionTest(org.zencoinj.protocols.channels.ChannelConnectionTest$3@5a6d5a8f)]" time="0.09"/>
  <testcase classname="org.zencoinj.protocols.channels.ChannelConnectionTest" name="testValuesAreRespected[1: ChannelConnectionTest(org.zencoinj.protocols.channels.ChannelConnectionTest$3@5a6d5a8f)]" time="0.037"/>
  <testcase classname="org.zencoinj.protocols.channels.ChannelConnectionTest" name="testClientRandomMessage[1: ChannelConnectionTest(org.zencoinj.protocols.channels.ChannelConnectionTest$3@5a6d5a8f)]" time="0.044"/>
  <testcase classname="org.zencoinj.protocols.channels.ChannelConnectionTest" name="testClientTimeWindowUnacceptable[1: ChannelConnectionTest(org.zencoinj.protocols.channels.ChannelConnectionTest$3@5a6d5a8f)]" time="0.046"/>
  <testcase classname="org.zencoinj.protocols.channels.ChannelConnectionTest" name="testClientResumeNothing[1: ChannelConnectionTest(org.zencoinj.protocols.channels.ChannelConnectionTest$3@5a6d5a8f)]" time="0.044"/>
  <testcase classname="org.zencoinj.protocols.channels.ChannelConnectionTest" name="testSimpleChannel[1: ChannelConnectionTest(org.zencoinj.protocols.channels.ChannelConnectionTest$3@5a6d5a8f)]" time="1.332"/>
  <testcase classname="org.zencoinj.protocols.channels.ChannelConnectionTest" name="testEncryptedClientWallet[1: ChannelConnectionTest(org.zencoinj.protocols.channels.ChannelConnectionTest$3@5a6d5a8f)]" time="1.407"/>
  <testcase classname="org.zencoinj.protocols.channels.ChannelConnectionTest" name="testEmptyWallet[1: ChannelConnectionTest(org.zencoinj.protocols.channels.ChannelConnectionTest$3@5a6d5a8f)]" time="0.077"/>
  <testcase classname="org.zencoinj.protocols.channels.ChannelConnectionTest" name="testBadResumeHash[1: ChannelConnectionTest(org.zencoinj.protocols.channels.ChannelConnectionTest$3@5a6d5a8f)]" time="0.046"/>
  <testcase classname="org.zencoinj.protocols.channels.ChannelConnectionTest" name="testClientRefusesNonCanonicalKey[1: ChannelConnectionTest(org.zencoinj.protocols.channels.ChannelConnectionTest$3@5a6d5a8f)]" time="0.049"/>
  <testcase classname="org.zencoinj.protocols.channels.ChannelConnectionTest" name="testServerErrorHandling_badTransaction[1: ChannelConnectionTest(org.zencoinj.protocols.channels.ChannelConnectionTest$3@5a6d5a8f)]" time="0.043"/>
</testsuite>