<?xml version="1.0" encoding="UTF-8" ?>
<testsuite tests="4480" failures="0" name="org.zencoinj.utils.BtcFormatTest" time="2.952" errors="0" skipped="0">
  <properties>
[...]
</properties>
  <testcase classname="org.zencoinj.utils.BtcFormatTest" name="factoryArgumentsTest[0]" time="0.019"/>
  <testcase classname="org.zencoinj.utils.BtcFormatTest" name="parseTest[0]" time="0.012"/>
  <testcase classname="org.zencoinj.utils.BtcFormatTest" name="microcoinScaleTest[0]" time="0"/>
  <testcase classname="org.zencoinj.utils.BtcFormatTest" name="parseMetricTest[0]" time="0.005"/>
  <testcase classname="org.zencoinj.utils.BtcFormatTest" name="coinScaleTest[0]" time="0"/>
  <testcase classname="org.zencoinj.utils.BtcFormatTest" name="builderTest[0]" time="0.008"/>
  <testcase classname="org.zencoinj.utils.BtcFormatTest" name="attributeTest[0]" time="0.004"/>
  <testcase classname="org.zencoinj.utils.BtcFormatTest" name="prefixTest[0]" time="0.001"/>
  <testcase classname="org.zencoinj.utils.BtcFormatTest" name="suffixTest[0]" time="0.001"/>
  <testcase classname="org.zencoinj.utils.BtcFormatTest" name="autoDecimalTest[0]" time="0.007"/>
  <testcase classname="org.zencoinj.utils.BtcFormatTest" name="symbolCollisionTest[0]" time="0.115"/>
  <testcase classname="org.zencoinj.utils.BtcFormatTest" name="equalityTest[0]" time="0.008"/>
  <testcase classname="org.zencoinj.utils.BtcFormatTest" name="columnAlignmentTest[0]" time="0.001"/>
  <testcase classname="org.zencoinj.utils.BtcFormatTest" name="factoryTest[0]" time="0"/>
  <testcase classname="org.zencoinj.utils.BtcFormatTest" name="parse[0]" time="0.001"/>
  <testcase classname="org.zencoinj.utils.BtcFormatTest" name="btcRounding[0]" time="0.004"/>
  <testcase classname="org.zencoinj.utils.BtcFormatTest" name="negativeTest[0]" time="0.001"/>
  <testcase classname="org.zencoinj.utils.BtcFormatTest" name="millicoinScaleTest[0]" time="0"/>
  <testcase classname="org.zencoinj.utils.BtcFormatTest" name="toStringTest[0]" time="0.002"/>
  <testcase classname="org.zencoinj.utils.BtcFormatTest" name="testGrouping[0]" time="0"/>
  <testcase classname="org.zencoinj.utils.BtcFormatTest" name="symbolsCodesTest[0]" time="0.001"/>
  <testcase classname="org.zencoinj.utils.BtcFormatTest" name="defaultLocaleTest[0]" time="0.001"/>
  <testcase classname="org.zencoinj.utils.BtcFormatTest" name="parsePositionTest[0]" time="0.001"/>
  <testcase classname="org.zencoinj.utils.BtcFormatTest" name="argumentTypeTest[0]" time="0.002"/>
  <testcase classname="org.zencoinj.utils.BtcFormatTest" name="characterIteratorTest[0]" time="0.008"/>
  <testcase classname="org.zencoinj.utils.BtcFormatTest" name="repeatingPlaceTest[0]" time="0.001"/>
  <testcase classname="org.zencoinj.utils.BtcFormatTest" name="currencyCodeTest[0]" time="0"/>
  <testcase classname="org.zencoinj.utils.BtcFormatTest" name="patternDecimalPlaces[0]" time="0.001"/>
  <testcase classname="org.zencoinj.utils.BtcFormatTest" name="factoryArgumentsTest[1]" time="0.001"/>
  <testcase classname="org.zencoinj.utils.BtcFormatTest" name="parseTest[1]" time="0.005"/>
  <testcase classname="org.zencoinj.utils.BtcFormatTest" name="microcoinScaleTest[1]" time="0"/>
  <testcase classname="org.zencoinj.utils.BtcFormatTest" name="parseMetricTest[1]" time="0.002"/>
  <testcase classname="org.zencoinj.utils.BtcFormatTest" name="coinScaleTest[1]" time="0"/>
  <testcase classname="org.zencoinj.utils.BtcFormatTest" name="builderTest[1]" time="0.003"/>
  <testcase classname="org.zencoinj.utils.BtcFormatTest" name="attributeTest[1]" time="0"/>
  <testcase classname="org.zencoinj.utils.BtcFormatTest" name="prefixTest[1]" time="0.001"/>
  <testcase classname="org.zencoinj.utils.BtcFormatTest" name="suffixTest[1]" time="0"/>
  <testcase classname="org.zencoinj.utils.BtcFormatTest" name="autoDecimalTest[1]" time="0.005"/>
  <testcase classname="org.zencoinj.utils.BtcFormatTest" name="symbolCollisionTest[1]" time="0.001"/>
  <testcase classname="org.zencoinj.utils.BtcFormatTest" name="equalityTest[1]" time="0.004"/>
  <testcase classname="org.zencoinj.utils.BtcFormatTest" name="columnAlignmentTest[1]" time="0.001"/>
  <testcase classname="org.zencoinj.utils.BtcFormatTest" name="factoryTest[1]" time="0"/>
  <testcase classname="org.zencoinj.utils.BtcFormatTest" name="parse[1]" time="0.001"/>
  <testcase classname="org.zencoinj.utils.BtcFormatTest" name="btcRounding[1]" time="0.002"/>
  <testcase classname="org.zencoinj.utils.BtcFormatTest" name="negativeTest[1]" time="0.001"/>
  <testcase classname="org.zencoinj.utils.BtcFormatTest" name="millicoinScaleTest[1]" time="0"/>
  <testcase classname="org.zencoinj.utils.BtcFormatTest" name="toStringTest[1]" time="0.002"/>
  <testcase classname="org.zencoinj.utils.BtcFormatTest" name="testGrouping[1]" time="0.001"/>
  <testcase classname="org.zencoinj.utils.BtcFormatTest" name="symbolsCodesTest[1]" time="0.001"/>
  <testcase classname="org.zencoinj.utils.BtcFormatTest" name="defaultLocaleTest[1]" time="0"/>
  <testcase classname="org.zencoinj.utils.BtcFormatTest" name="parsePositionTest[1]" time="0.001"/>
  <testcase classname="org.zencoinj.utils.BtcFormatTest" name="argumentTypeTest[1]" time="0.001"/>
  <testcase classname="org.zencoinj.utils.BtcFormatTest" name="characterIteratorTest[1]" time="0.001"/>
  <testcase classname="org.zencoinj.utils.BtcFormatTest" name="repeatingPlaceTest[1]" time="0"/>
  <testcase classname="org.zencoinj.utils.BtcFormatTest" name="currencyCodeTest[1]" time="0.001"/>
  <testcase classname="org.zencoinj.utils.BtcFormatTest" name="patternDecimalPlaces[1]" time="0.002"/>
  <testcase classname="org.zencoinj.utils.BtcFormatTest" name="factoryArgumentsTest[2]" time="0.002"/>
  <testcase classname="org.zencoinj.utils.BtcFormatTest" name="parseTest[2]" time="0.003"/>
  <testcase classname="org.zencoinj.utils.BtcFormatTest" name="microcoinScaleTest[2]" time="0"/>
  <testcase classname="org.zencoinj.utils.BtcFormatTest" name="parseMetricTest[2]" time="0.003"/>
  <testcase classname="org.zencoinj.utils.BtcFormatTest" name="coinScaleTest[2]" time="0"/>
  <testcase classname="org.zencoinj.utils.BtcFormatTest" name="builderTest[2]" time="0.004"/>
  <testcase classname="org.zencoinj.utils.BtcFormatTest" name="attributeTest[2]" time="0"/>
  <testcase classname="org.zencoinj.utils.BtcFormatTest" name="prefixTest[2]" time="0.003"/>
  <testcase classname="org.zencoinj.utils.BtcFormatTest" name="suffixTest[2]" time="0"/>
  <testcase classname="org.zencoinj.utils.BtcFormatTest" name="autoDecimalTest[2]" time="0.003"/>
  <testcase classname="org.zencoinj.utils.BtcFormatTest" name="symbolCollisionTest[2]" time="0.002"/>
  <testcase classname="org.zencoinj.utils.BtcFormatTest" name="equalityTest[2]" time="0.006"/>
  <testcase classname="org.zencoinj.utils.BtcFormatTest" name="columnAlignmentTest[2]" time="0.001"/>
  <testcase classname="org.zencoinj.utils.BtcFormatTest" name="factoryTest[2]" time="0"/>
  <testcase classname="org.zencoinj.utils.BtcFormatTest" name="parse[2]" time="0"/>
  <testcase classname="org.zencoinj.utils.BtcFormatTest" name="btcRounding[2]" time="0.005"/>
  <testcase classname="org.zencoinj.utils.BtcFormatTest" name="negativeTest[2]" time="0.001"/>
  <testcase classname="org.zencoinj.utils.BtcFormatTest" name="millicoinScaleTest[2]" time="0"/>
  <testcase classname="org.zencoinj.utils.BtcFormatTest" name="toStringTest[2]" time="0.001"/>
  <testcase classname="org.zencoinj.utils.BtcFormatTest" name="testGrouping[2]" time="0"/>
  <testcase classname="org.zencoinj.utils.BtcFormatTest" name="symbolsCodesTest[2]" time="0.001"/>
  <testcase classname="org.zencoinj.utils.BtcFormatTest" name="defaultLocaleTest[2]" time="0"/>
  <testcase classname="org.zencoinj.utils.BtcFormatTest" name="parsePositionTest[2]" time="0.003"/>
  <testcase classname="org.zencoinj.utils.BtcFormatTest" name="argumentTypeTest[2]" time="0.001"/>
  <testcase classname="org.zencoinj.utils.BtcFormatTest" name="characterIteratorTest[2]" time="0.001"/>
  <testcase classname="org.zencoinj.utils.BtcFormatTest" name="repeatingPlaceTest[2]" time="0.001"/>
  <testcase classname="org.zencoinj.utils.BtcFormatTest" name="currencyCodeTest[2]" time="0"/>
  <testcase classname="org.zencoinj.utils.BtcFormatTest" name="patternDecimalPlaces[2]" time="0"/>
  <testcase classname="org.zencoinj.utils.BtcFormatTest" name="factoryArgumentsTest[3]" time="0.002"/>
  <testcase classname="org.zencoinj.utils.BtcFormatTest" name="parseTest[3]" time="0.004"/>
  <testcase classname="org.zencoinj.utils.BtcFormatTest" name="microcoinScaleTest[3]" time="0"/>
  <testcase classname="org.zencoinj.utils.BtcFormatTest" name="parseMetricTest[3]" time="0.002"/>
  <testcase classname="org.zencoinj.utils.BtcFormatTest" name="coinScaleTest[3]" time="0"/>
  <testcase classname="org.zencoinj.utils.BtcFormatTest" name="builderTest[3]" time="0.003"/>
  <testcase classname="org.zencoinj.utils.BtcFormatTest" name="attributeTest[3]" time="0"/>
  <testcase classname="org.zencoinj.utils.BtcFormatTest" name="prefixTest[3]" time="0.001"/>
  <testcase classname="org.zencoinj.utils.BtcFormatTest" name="suffixTest[3]" time="0.001"/>
  <testcase classname="org.zencoinj.utils.BtcFormatTest" name="autoDecimalTest[3]" time="0.001"/>
  <testcase classname="org.zencoinj.utils.BtcFormatTest" name="symbolCollisionTest[3]" time="0.002"/>
  <testcase classname="org.zencoinj.utils.BtcFormatTest" name="equalityTest[3]" time="0.004"/>
  <testcase classname="org.zencoinj.utils.BtcFormatTest" name="columnAlignmentTest[3]" time="0"/>
  <testcase classname="org.zencoinj.utils.BtcFormatTest" name="factoryTest[3]" time="0.001"/>
  <testcase classname="org.zencoinj.utils.BtcFormatTest" name="parse[3]" time="0"/>
  <testcase classname="org.zencoinj.utils.BtcFormatTest" name="btcRounding[3]" time="0.002"/>
  <testcase classname="org.zencoinj.utils.BtcFormatTest" name="negativeTest[3]" time="0.001"/>
  <testcase classname="org.zencoinj.utils.BtcFormatTest" name="millicoinScaleTest[3]" time="0"/>
  <testcase classname="org.zencoinj.utils.BtcFormatTest" name="toStringTest[3]" time="0.001"/>
  <testcase classname="org.zencoinj.utils.BtcFormatTest" name="testGrouping[3]" time="0"/>
  <testcase classname="org.zencoinj.utils.BtcFormatTest" name="symbolsCodesTest[3]" time="0.001"/>
  <testcase classname="org.zencoinj.utils.BtcFormatTest" name="defaultLocaleTest[3]" time="0"/>
  <testcase classname="org.zencoinj.utils.BtcFormatTest" name="parsePositionTest[3]" time="0.001"/>
  <testcase classname="org.zencoinj.utils.BtcFormatTest" name="argumentTypeTest[3]" time="0"/>
  <testcase classname="org.zencoinj.utils.BtcFormatTest" name="characterIteratorTest[3]" time="0.001"/>
  <testcase classname="org.zencoinj.utils.BtcFormatTest" name="repeatingPlaceTest[3]" time="0.001"/>
  <testcase classname="org.zencoinj.utils.BtcFormatTest" name="currencyCodeTest[3]" time="0"/>
  <testcase classname="org.zencoinj.utils.BtcFormatTest" name="patternDecimalPlaces[3]" time="0"/>
  <testcase classname="org.zencoinj.utils.BtcFormatTest" name="factoryArgumentsTest[4]" time="0.002"/>
  <testcase classname="org.zencoinj.utils.BtcFormatTest" name="parseTest[4]" time="0.003"/>
  <testcase classname="org.zencoinj.utils.BtcFormatTest" name="microcoinScaleTest[4]" time="0"/>
  <testcase classname="org.zencoinj.utils.BtcFormatTest" name="parseMetricTest[4]" time="0.002"/>
  <testcase classname="org.zencoinj.utils.BtcFormatTest" name="coinScaleTest[4]" time="0"/>
  <testcase classname="org.zencoinj.utils.BtcFormatTest" name="builderTest[4]" time="0.003"/>
  <testcase classname="org.zencoinj.utils.BtcFormatTest" name="attributeTest[4]" time="0"/>
  <testcase classname="org.zencoinj.utils.BtcFormatTest" name="prefixTest[4]" time="0.001"/>
  <testcase classname="org.zencoinj.utils.BtcFormatTest" name="suffixTest[4]" time="0"/>
  <testcase classname="org.zencoinj.utils.BtcFormatTest" name="autoDecimalTest[4]" time="0.001"/>
  <testcase classname="org.zencoinj.utils.BtcFormatTest" name="symbolCollisionTest[4]" time="0.002"/>
  <testcase classname="org.zencoinj.utils.BtcFormatTest" name="equalityTest[4]" time="0.003"/>
  <testcase classname="org.zencoinj.utils.BtcFormatTest" name="columnAlignmentTest[4]" time="0"/>
  <testcase classname="org.zencoinj.utils.BtcFormatTest" name="factoryTest[4]" time="0"/>
  <testcase classname="org.zencoinj.utils.BtcFormatTest" name="parse[4]" time="0.001"/>
  <testcase classname="org.zencoinj.utils.BtcFormatTest" name="btcRounding[4]" time="0.001"/>
  <testcase classname="org.zencoinj.utils.BtcFormatTest" name="negativeTest[4]" time="0"/>
  <testcase classname="org.zencoinj.utils.BtcFormatTest" name="millicoinScaleTest[4]" time="0"/>
  <testcase classname="org.zencoinj.utils.BtcFormatTest" name="toStringTest[4]" time="0.001"/>
  <testcase classname="org.zencoinj.utils.BtcFormatTest" name="testGrouping[4]" time="0"/>
  <testcase classname="org.zencoinj.utils.BtcFormatTest" name="symbolsCodesTest[4]" time="0.001"/>
  <testcase classname="org.zencoinj.utils.BtcFormatTest" name="defaultLocaleTest[4]" time="0.001"/>
  <testcase classname="org.zencoinj.utils.BtcFormatTest" name="parsePositionTest[4]" time="0"/>
  <testcase classname="org.zencoinj.utils.BtcFormatTest" name="argumentTypeTest[4]" time="0.001"/>
  <testcase classname="org.zencoinj.utils.BtcFormatTest" name="characterIteratorTest[4]" time="0.002"/>
  <testcase classname="org.zencoinj.utils.BtcFormatTest" name="repeatingPlaceTest[4]" time="0.001"/>
  <testcase classname="org.zencoinj.utils.BtcFormatTest" name="currencyCodeTest[4]" time="0"/>
  <testcase classname="org.zencoinj.utils.BtcFormatTest" name="patternDecimalPlaces[4]" time="0"/>
  <testcase classname="org.zencoinj.utils.BtcFormatTest" name="factoryArgumentsTest[5]" time="0.001"/>
  <testcase classname="org.zencoinj.utils.BtcFormatTest" name="parseTest[5]" time="0.003"/>
  <testcase classname="org.zencoinj.utils.BtcFormatTest" name="microcoinScaleTest[5]" time="0"/>
  <testcase classname="org.zencoinj.utils.BtcFormatTest" name="parseMetricTest[5]" time="0.001"/>
  <testcase classname="org.zencoinj.utils.BtcFormatTest" name="coinScaleTest[5]" time="0"/>
  <testcase classname="org.zencoinj.utils.BtcFormatTest" name="builderTest[5]" time="0.003"/>
  <testcase classname="org.zencoinj.utils.BtcFormatTest" name="attributeTest[5]" time="0"/>
  <testcase classname="org.zencoinj.utils.BtcFormatTest" name="prefixTest[5]" time="0.001"/>
  <testcase classname="org.zencoinj.utils.BtcFormatTest" name="suffixTest[5]" time="0"/>
  <testcase classname="org.zencoinj.utils.BtcFormatTest" name="autoDecimalTest[5]" time="0.001"/>
  <testcase classname="org.zencoinj.utils.BtcFormatTest" name="symbolCollisionTest[5]" time="0.002"/>
  <testcase classname="org.zencoinj.utils.BtcFormatTest" name="equalityTest[5]" time="0.003"/>
  <testcase classname="org.zencoinj.utils.BtcFormatTest" name="columnAlignmentTest[5]" time="0"/>
  <testcase classname="org.zencoinj.utils.BtcFormatTest" name="factoryTest[5]" time="0"/>
  <testcase classname="org.zencoinj.utils.BtcFormatTest" name="parse[5]" time="0.001"/>
  <testcase classname="org.zencoinj.utils.BtcFormatTest" name="btcRounding[5]" time="0.001"/>
  <testcase classname="org.zencoinj.utils.BtcFormatTest" name="negativeTest[5]" time="0"/>
  <testcase classname="org.zencoinj.utils.BtcFormatTest" name="millicoinScaleTest[5]" time="0"/>
  <testcase classname="org.zencoinj.utils.BtcFormatTest" name="toStringTest[5]" time="0.002"/>
  <testcase classname="org.zencoinj.utils.BtcFormatTest" name="testGrouping[5]" time="0"/>
  <testcase classname="org.zencoinj.utils.BtcFormatTest" name="symbolsCodesTest[5]" time="0.001"/>
  <testcase classname="org.zencoinj.utils.BtcFormatTest" name="defaultLocaleTest[5]" time="0"/>
  <testcase classname="org.zencoinj.utils.BtcFormatTest" name="parsePositionTest[5]" time="0"/>
  <testcase classname="org.zencoinj.utils.BtcFormatTest" name="argumentTypeTest[5]" time="0.001"/>
  <testcase classname="org.zencoinj.utils.BtcFormatTest" name="characterIteratorTest[5]" time="0.001"/>
  <testcase classname="org.zencoinj.utils.BtcFormatTest" name="repeatingPlaceTest[5]" time="0"/>
  <testcase classname="org.zencoinj.utils.BtcFormatTest" name="currencyCodeTest[5]" time="0.001"/>
  <testcase classname="org.zencoinj.utils.BtcFormatTest" name="patternDecimalPlaces[5]" time="0"/>
  <testcase classname="org.zencoinj.utils.BtcFormatTest" name="factoryArgumentsTest[6]" time="0.001"/>
  <testcase classname="org.zencoinj.utils.BtcFormatTest" name="parseTest[6]" time="0.004"/>
  <testcase classname="org.zencoinj.utils.BtcFormatTest" name="microcoinScaleTest[6]" time="0"/>
  <testcase classname="org.zencoinj.utils.BtcFormatTest" name="parseMetricTest[6]" time="0.001"/>
  <testcase classname="org.zencoinj.utils.BtcFormatTest" name="coinScaleTest[6]" time="0"/>
  <testcase classname="org.zencoinj.utils.BtcFormatTest" name="builderTest[6]" time="0.003"/>
  <testcase classname="org.zencoinj.utils.BtcFormatTest" name="attributeTest[6]" time="0.001"/>
  <testcase classname="org.zencoinj.utils.BtcFormatTest" name="prefixTest[6]" time="0"/>
  <testcase classname="org.zencoinj.utils.BtcFormatTest" name="suffixTest[6]" time="0"/>
  <testcase classname="org.zencoinj.utils.BtcFormatTest" name="autoDecimalTest[6]" time="0.002"/>
  <testcase classname="org.zencoinj.utils.BtcFormatTest" name="symbolCollisionTest[6]" time="0.002"/>
  <testcase classname="org.zencoinj.utils.BtcFormatTest" name="equalityTest[6]" time="0.004"/>
  <testcase classname="org.zencoinj.utils.BtcFormatTest" name="columnAlignmentTest[6]" time="0"/>
  <testcase classname="org.zencoinj.utils.BtcFormatTest" name="factoryTest[6]" time="0.002"/>
  <testcase classname="org.zencoinj.utils.BtcFormatTest" name="parse[6]" time="0"/>
  <testcase classname="org.zencoinj.utils.BtcFormatTest" name="btcRounding[6]" time="0.002"/>
  <testcase classname="org.zencoinj.utils.BtcFormatTest" name="negativeTest[6]" time="0"/>
  <testcase classname="org.zencoinj.utils.BtcFormatTest" name="millicoinScaleTest[6]" time="0"/>
  <testcase classname="org.zencoinj.utils.BtcFormatTest" name="toStringTest[6]" time="0.002"/>
  <testcase classname="org.zencoinj.utils.BtcFormatTest" name="testGrouping[6]" time="0"/>
  <testcase classname="org.zencoinj.utils.BtcFormatTest" name="symbolsCodesTest[6]" time="0.001"/>
  <testcase classname="org.zencoinj.utils.BtcFormatTest" name="defaultLocaleTest[6]" time="0"/>
  <testcase classname="org.zencoinj.utils.BtcFormatTest" name="parsePositionTest[6]" time="0"/>
  <testcase classname="org.zencoinj.utils.BtcFormatTest" name="argumentTypeTest[6]" time="0.001"/>
  <testcase classname="org.zencoinj.utils.BtcFormatTest" name="characterIteratorTest[6]" time="0.002"/>
  <testcase classname="org.zencoinj.utils.BtcFormatTest" name="repeatingPlaceTest[6]" time="0"/>
  <testcase classname="org.zencoinj.utils.BtcFormatTest" name="currencyCodeTest[6]" time="0"/>
  <testcase classname="org.zencoinj.utils.BtcFormatTest" name="patternDecimalPlaces[6]" time="0.001"/>
  <testcase classname="org.zencoinj.utils.BtcFormatTest" name="factoryArgumentsTest[7]" time="0.001"/>
  <testcase classname="org.zencoinj.utils.BtcFormatTest" name="parseTest[7]" time="0.003"/>
  <testcase classname="org.zencoinj.utils.BtcFormatTest" name="microcoinScaleTest[7]" time="0"/>
  <testcase classname="org.zencoinj.utils.BtcFormatTest" name="parseMetricTest[7]" time="0.003"/>
  <testcase classname="org.zencoinj.utils.BtcFormatTest" name="coinScaleTest[7]" time="0"/>
  <testcase classname="org.zencoinj.utils.BtcFormatTest" name="builderTest[7]" time="0.003"/>
  <testcase classname="org.zencoinj.utils.BtcFormatTest" name="attributeTest[7]" time="0"/>
  <testcase classname="org.zencoinj.utils.BtcFormatTest" name="prefixTest[7]" time="0"/>
  <testcase classname="org.zencoinj.utils.BtcFormatTest" name="suffixTest[7]" time="0.001"/>
  <testcase classname="org.zencoinj.utils.BtcFormatTest" name="autoDecimalTest[7]" time="0.001"/>
  <testcase classname="org.zencoinj.utils.BtcFormatTest" name="symbolCollisionTest[7]" time="0.001"/>
  <testcase classname="org.zencoinj.utils.BtcFormatTest" name="equalityTest[7]" time="0.003"/>
  <testcase classname="org.zencoinj.utils.BtcFormatTest" name="columnAlignmentTest[7]" time="0.001"/>
  <testcase classname="org.zencoinj.utils.BtcFormatTest" name="factoryTest[7]" time="0"/>
  <testcase classname="org.zencoinj.utils.BtcFormatTest" name="parse[7]" time="0"/>
  <testcase classname="org.zencoinj.utils.BtcFormatTest" name="btcRounding[7]" time="0.002"/>
  <testcase classname="org.zencoinj.utils.BtcFormatTest" name="negativeTest[7]" time="0.001"/>
  <testcase classname="org.zencoinj.utils.BtcFormatTest" name="millicoinScaleTest[7]" time="0"/>
  <testcase classname="org.zencoinj.utils.BtcFormatTest" name="toStringTest[7]" time="0.001"/>
  <testcase classname="org.zencoinj.utils.BtcFormatTest" name="testGrouping[7]" time="0"/>
  <testcase classname="org.zencoinj.utils.BtcFormatTest" name="symbolsCodesTest[7]" time="0.001"/>
  <testcase classname="org.zencoinj.utils.BtcFormatTest" name="defaultLocaleTest[7]" time="0.001"/>
  <testcase classname="org.zencoinj.utils.BtcFormatTest" name="parsePositionTest[7]" time="0"/>
  <testcase classname="org.zencoinj.utils.BtcFormatTest" name="argumentTypeTest[7]" time="0.001"/>
  <testcase classname="org.zencoinj.utils.BtcFormatTest" name="characterIteratorTest[7]" time="0"/>
  <testcase classname="org.zencoinj.utils.BtcFormatTest" name="repeatingPlaceTest[7]" time="0"/>
  <testcase classname="org.zencoinj.utils.BtcFormatTest" name="currencyCodeTest[7]" time="0"/>
  <testcase classname="org.zencoinj.utils.BtcFormatTest" name="patternDecimalPlaces[7]" time="0"/>
  <testcase classname="org.zencoinj.utils.BtcFormatTest" name="factoryArgumentsTest[8]" time="0.002"/>
  <testcase classname="org.zencoinj.utils.BtcFormatTest" name="parseTest[8]" time="0.003"/>
  <testcase classname="org.zencoinj.utils.BtcFormatTest" name="microcoinScaleTest[8]" time="0"/>
  <testcase classname="org.zencoinj.utils.BtcFormatTest" name="parseMetricTest[8]" time="0.002"/>
  <testcase classname="org.zencoinj.utils.BtcFormatTest" name="coinScaleTest[8]" time="0"/>
  <testcase classname="org.zencoinj.utils.BtcFormatTest" name="builderTest[8]" time="0.003"/>
  <testcase classname="org.zencoinj.utils.BtcFormatTest" name="attributeTest[8]" time="0"/>
  <testcase classname="org.zencoinj.utils.BtcFormatTest" name="prefixTest[8]" time="0.001"/>
  <testcase classname="org.zencoinj.utils.BtcFormatTest" name="suffixTest[8]" time="0"/>
  <testcase classname="org.zencoinj.utils.BtcFormatTest" name="autoDecimalTest[8]" time="0.001"/>
  <testcase classname="org.zencoinj.utils.BtcFormatTest" name="symbolCollisionTest[8]" time="0.002"/>
  <testcase classname="org.zencoinj.utils.BtcFormatTest" name="equalityTest[8]" time="0.003"/>
  <testcase classname="org.zencoinj.utils.BtcFormatTest" name="columnAlignmentTest[8]" time="0"/>
  <testcase classname="org.zencoinj.utils.BtcFormatTest" name="factoryTest[8]" time="0.001"/>
  <testcase classname="org.zencoinj.utils.BtcFormatTest" name="parse[8]" time="0"/>
  <testcase classname="org.zencoinj.utils.BtcFormatTest" name="btcRounding[8]" time="0.002"/>
  <testcase classname="org.zencoinj.utils.BtcFormatTest" name="negativeTest[8]" time="0.001"/>
  <testcase classname="org.zencoinj.utils.BtcFormatTest" name="millicoinScaleTest[8]" time="0"/>
  <testcase classname="org.zencoinj.utils.BtcFormatTest" name="toStringTest[8]" time="0.001"/>
  <testcase classname="org.zencoinj.utils.BtcFormatTest" name="testGrouping[8]" time="0"/>
  <testcase classname="org.zencoinj.utils.BtcFormatTest" name="symbolsCodesTest[8]" time="0.001"/>
  <testcase classname="org.zencoinj.utils.BtcFormatTest" name="defaultLocaleTest[8]" time="0"/>
  <testcase classname="org.zencoinj.utils.BtcFormatTest" name="parsePositionTest[8]" time="0.001"/>
  <testcase classname="org.zencoinj.utils.BtcFormatTest" name="argumentTypeTest[8]" time="0"/>
  <testcase classname="org.zencoinj.utils.BtcFormatTest" name="characterIteratorTest[8]" time="0.001"/>
  <testcase classname="org.zencoinj.utils.BtcFormatTest" name="repeatingPlaceTest[8]" time="0.001"/>
  <testcase classname="org.zencoinj.utils.BtcFormatTest" name="currencyCodeTest[8]" time="0"/>
  <testcase classname="org.zencoinj.utils.BtcFormatTest" name="patternDecimalPlaces[8]" time="0"/>
  <testcase classname="org.zencoinj.utils.BtcFormatTest" name="factoryArgumentsTest[9]" time="0.002"/>
  <testcase classname="org.zencoinj.utils.BtcFormatTest" name="parseTest[9]" time="0.004"/>
  <testcase classname="org.zencoinj.utils.BtcFormatTest" name="microcoinScaleTest[9]" time="0.001"/>
  <testcase classname="org.zencoinj.utils.BtcFormatTest" name="parseMetricTest[9]" time="0.002"/>
  <testcase classname="org.zencoinj.utils.BtcFormatTest" name="coinScaleTest[9]" time="0"/>
  <testcase classname="org.zencoinj.utils.BtcFormatTest" name="builderTest[9]" time="0.003"/>
  <testcase classname="org.zencoinj.utils.BtcFormatTest" name="attributeTest[9]" time="0"/>
  <testcase classname="org.zencoinj.utils.BtcFormatTest" name="prefixTest[9]" time="0"/>
  <testcase classname="org.zencoinj.utils.BtcFormatTest" name="suffixTest[9]" time="0"/>
  <testcase classname="org.zencoinj.utils.BtcFormatTest" name="autoDecimalTest[9]" time="0.001"/>
  <testcase classname="org.zencoinj.utils.BtcFormatTest" name="symbolCollisionTest[9]" time="0.002"/>
  <testcase classname="org.zencoinj.utils.BtcFormatTest" name="equalityTest[9]" time="0.004"/>
  <testcase classname="org.zencoinj.utils.BtcFormatTest" name="columnAlignmentTest[9]" time="0.001"/>
  <testcase classname="org.zencoinj.utils.BtcFormatTest" name="factoryTest[9]" time="0"/>
  <testcase classname="org.zencoinj.utils.BtcFormatTest" name="parse[9]" time="0"/>
  <testcase classname="org.zencoinj.utils.BtcFormatTest" name="btcRounding[9]" time="0.002"/>
  <testcase classname="org.zencoinj.utils.BtcFormatTest" name="negativeTest[9]" time="0.001"/>
  <testcase classname="org.zencoinj.utils.BtcFormatTest" name="millicoinScaleTest[9]" time="0"/>
  <testcase classname="org.zencoinj.utils.BtcFormatTest" name="toStringTest[9]" time="0.001"/>
  <testcase classname="org.zencoinj.utils.BtcFormatTest" name="testGrouping[9]" time="0.001"/>
  <testcase classname="org.zencoinj.utils.BtcFormatTest" name="symbolsCodesTest[9]" time="0"/>
  <testcase classname="org.zencoinj.utils.BtcFormatTest" name="defaultLocaleTest[9]" time="0.001"/>
  <testcase classname="org.zencoinj.utils.BtcFormatTest" name="parsePositionTest[9]" time="0"/>
  <testcase classname="org.zencoinj.utils.BtcFormatTest" name="argumentTypeTest[9]" time="0.001"/>
  <testcase classname="org.zencoinj.utils.BtcFormatTest" name="characterIteratorTest[9]" time="0.001"/>
  <testcase classname="org.zencoinj.utils.BtcFormatTest" name="repeatingPlaceTest[9]" time="0"/>
  <testcase classname="org.zencoinj.utils.BtcFormatTest" name="currencyCodeTest[9]" time="0.001"/>
  <testcase classname="org.zencoinj.utils.BtcFormatTest" name="patternDecimalPlaces[9]" time="0"/>
  <testcase classname="org.zencoinj.utils.BtcFormatTest" name="factoryArgumentsTest[10]" time="0.001"/>
  <testcase classname="org.zencoinj.utils.BtcFormatTest" name="parseTest[10]" time="0.004"/>
  <testcase classname="org.zencoinj.utils.BtcFormatTest" name="microcoinScaleTest[10]" time="0"/>
  <testcase classname="org.zencoinj.utils.BtcFormatTest" name="parseMetricTest[10]" time="0.002"/>
  <testcase classname="org.zencoinj.utils.BtcFormatTest" name="coinScaleTest[10]" time="0"/>
  <testcase classname="org.zencoinj.utils.BtcFormatTest" name="builderTest[10]" time="0.003"/>
  <testcase classname="org.zencoinj.utils.BtcFormatTest" name="attributeTest[10]" time="0"/>
  <testcase classname="org.zencoinj.utils.BtcFormatTest" name="prefixTest[10]" time="0"/>
  <testcase classname="org.zencoinj.utils.BtcFormatTest" name="suffixTest[10]" time="0.001"/>
  <testcase classname="org.zencoinj.utils.BtcFormatTest" name="autoDecimalTest[10]" time="0.001"/>
  <testcase classname="org.zencoinj.utils.BtcFormatTest" name="symbolCollisionTest[10]" time="0.001"/>
  <testcase classname="org.zencoinj.utils.BtcFormatTest" name="equalityTest[10]" time="0.003"/>
  <testcase classname="org.zencoinj.utils.BtcFormatTest" name="columnAlignmentTest[10]" time="0"/>
  <testcase classname="org.zencoinj.utils.BtcFormatTest" name="factoryTest[10]" time="0"/>
  <testcase classname="org.zencoinj.utils.BtcFormatTest" name="parse[10]" time="0"/>
  <testcase classname="org.zencoinj.utils.BtcFormatTest" name="btcRounding[10]" time="0.002"/>
  <testcase classname="org.zencoinj.utils.BtcFormatTest" name="negativeTest[10]" time="0.001"/>
  <testcase classname="org.zencoinj.utils.BtcFormatTest" name="millicoinScaleTest[10]" time="0"/>
  <testcase classname="org.zencoinj.utils.BtcFormatTest" name="toStringTest[10]" time="0.001"/>
  <testcase classname="org.zencoinj.utils.BtcFormatTest" name="testGrouping[10]" time="0"/>
  <testcase classname="org.zencoinj.utils.BtcFormatTest" name="symbolsCodesTest[10]" time="0.001"/>
  <testcase classname="org.zencoinj.utils.BtcFormatTest" name="defaultLocaleTest[10]" time="0.001"/>
  <testcase classname="org.zencoinj.utils.BtcFormatTest" name="parsePositionTest[10]" time="0"/>
  <testcase classname="org.zencoinj.utils.BtcFormatTest" name="argumentTypeTest[10]" time="0.001"/>
  <testcase classname="org.zencoinj.utils.BtcFormatTest" name="characterIteratorTest[10]" time="0.001"/>
  <testcase classname="org.zencoinj.utils.BtcFormatTest" name="repeatingPlaceTest[10]" time="0"/>
  <testcase classname="org.zencoinj.utils.BtcFormatTest" name="currencyCodeTest[10]" time="0"/>
  <testcase classname="org.zencoinj.utils.BtcFormatTest" name="patternDecimalPlaces[10]" time="0"/>
  <testcase classname="org.zencoinj.utils.BtcFormatTest" name="factoryArgumentsTest[11]" time="0.001"/>
  <testcase classname="org.zencoinj.utils.BtcFormatTest" name="parseTest[11]" time="0.004"/>
  <testcase classname="org.zencoinj.utils.BtcFormatTest" name="microcoinScaleTest[11]" time="0"/>
  <testcase classname="org.zencoinj.utils.BtcFormatTest" name="parseMetricTest[11]" time="0.002"/>
  <testcase classname="org.zencoinj.utils.BtcFormatTest" name="coinScaleTest[11]" time="0"/>
  <testcase classname="org.zencoinj.utils.BtcFormatTest" name="builderTest[11]" time="0.002"/>
  <testcase classname="org.zencoinj.utils.BtcFormatTest" name="attributeTest[11]" time="0.001"/>
  <testcase classname="org.zencoinj.utils.BtcFormatTest" name="prefixTest[11]" time="0"/>
  <testcase classname="org.zencoinj.utils.BtcFormatTest" name="suffixTest[11]" time="0"/>
  <testcase classname="org.zencoinj.utils.BtcFormatTest" name="autoDecimalTest[11]" time="0.001"/>
  <testcase classname="org.zencoinj.utils.BtcFormatTest" name="symbolCollisionTest[11]" time="0.001"/>
  <testcase classname="org.zencoinj.utils.BtcFormatTest" name="equalityTest[11]" time="0.002"/>
  <testcase classname="org.zencoinj.utils.BtcFormatTest" name="columnAlignmentTest[11]" time="0"/>
  <testcase classname="org.zencoinj.utils.BtcFormatTest" name="factoryTest[11]" time="0.001"/>
  <testcase classname="org.zencoinj.utils.BtcFormatTest" name="parse[11]" time="0"/>
  <testcase classname="org.zencoinj.utils.BtcFormatTest" name="btcRounding[11]" time="0.002"/>
  <testcase classname="org.zencoinj.utils.BtcFormatTest" name="negativeTest[11]" time="0"/>
  <testcase classname="org.zencoinj.utils.BtcFormatTest" name="millicoinScaleTest[11]" time="0"/>
  <testcase classname="org.zencoinj.utils.BtcFormatTest" name="toStringTest[11]" time="0.001"/>
  <testcase classname="org.zencoinj.utils.BtcFormatTest" name="testGrouping[11]" time="0"/>
  <testcase classname="org.zencoinj.utils.BtcFormatTest" name="symbolsCodesTest[11]" time="0.001"/>
  <testcase classname="org.zencoinj.utils.BtcFormatTest" name="defaultLocaleTest[11]" time="0"/>
  <testcase classname="org.zencoinj.utils.BtcFormatTest" name="parsePositionTest[11]" time="0"/>
  <testcase classname="org.zencoinj.utils.BtcFormatTest" name="argumentTypeTest[11]" time="0.001"/>
  <testcase classname="org.zencoinj.utils.BtcFormatTest" name="characterIteratorTest[11]" time="0.001"/>
  <testcase classname="org.zencoinj.utils.BtcFormatTest" name="repeatingPlaceTest[11]" time="0"/>
  <testcase classname="org.zencoinj.utils.BtcFormatTest" name="currencyCodeTest[11]" time="0"/>
  <testcase classname="org.zencoinj.utils.BtcFormatTest" name="patternDecimalPlaces[11]" time="0.001"/>
  <testcase classname="org.zencoinj.utils.BtcFormatTest" name="factoryArgumentsTest[12]" time="0.001"/>
  <testcase classname="org.zencoinj.utils.BtcFormatTest" name="parseTest[12]" time="0.003"/>
  <testcase classname="org.zencoinj.utils.BtcFormatTest" name="microcoinScaleTest[12]" time="0.001"/>
  <testcase classname="org.zencoinj.utils.BtcFormatTest" name="parseMetricTest[12]" time="0.001"/>
  <testcase classname="org.zencoinj.utils.BtcFormatTest" name="coinScaleTest[12]" time="0"/>
  <testcase classname="org.zencoinj.utils.BtcFormatTest" name="builderTest[12]" time="0.003"/>
  <testcase classname="org.zencoinj.utils.BtcFormatTest" name="attributeTest[12]" time="0"/>
  <testcase classname="org.zencoinj.utils.BtcFormatTest" name="prefixTest[12]" time="0"/>
  <testcase classname="org.zencoinj.utils.BtcFormatTest" name="suffixTest[12]" time="0"/>
  <testcase classname="org.zencoinj.utils.BtcFormatTest" name="autoDecimalTest[12]" time="0.003"/>
  <testcase classname="org.zencoinj.utils.BtcFormatTest" name="symbolCollisionTest[12]" time="0.001"/>
  <testcase classname="org.zencoinj.utils.BtcFormatTest" name="equalityTest[12]" time="0.002"/>
  <testcase classname="org.zencoinj.utils.BtcFormatTest" name="columnAlignmentTest[12]" time="0"/>
  <testcase classname="org.zencoinj.utils.BtcFormatTest" name="factoryTest[12]" time="0.001"/>
  <testcase classname="org.zencoinj.utils.BtcFormatTest" name="parse[12]" time="0"/>
  <testcase classname="org.zencoinj.utils.BtcFormatTest" name="btcRounding[12]" time="0.001"/>
  <testcase classname="org.zencoinj.utils.BtcFormatTest" name="negativeTest[12]" time="0.001"/>
  <testcase classname="org.zencoinj.utils.BtcFormatTest" name="millicoinScaleTest[12]" time="0"/>
  <testcase classname="org.zencoinj.utils.BtcFormatTest" name="toStringTest[12]" time="0.001"/>
  <testcase classname="org.zencoinj.utils.BtcFormatTest" name="testGrouping[12]" time="0"/>
  <testcase classname="org.zencoinj.utils.BtcFormatTest" name="symbolsCodesTest[12]" time="0.001"/>
  <testcase classname="org.zencoinj.utils.BtcFormatTest" name="defaultLocaleTest[12]" time="0"/>
  <testcase classname="org.zencoinj.utils.BtcFormatTest" name="parsePositionTest[12]" time="0.001"/>
  <testcase classname="org.zencoinj.utils.BtcFormatTest" name="argumentTypeTest[12]" time="0"/>
  <testcase classname="org.zencoinj.utils.BtcFormatTest" name="characterIteratorTest[12]" time="0"/>
  <testcase classname="org.zencoinj.utils.BtcFormatTest" name="repeatingPlaceTest[12]" time="0.001"/>
  <testcase classname="org.zencoinj.utils.BtcFormatTest" name="currencyCodeTest[12]" time="0"/>
  <testcase classname="org.zencoinj.utils.BtcFormatTest" name="patternDecimalPlaces[12]" time="0"/>
  <testcase classname="org.zencoinj.utils.BtcFormatTest" name="factoryArgumentsTest[13]" time="0.003"/>
  <testcase classname="org.zencoinj.utils.BtcFormatTest" name="parseTest[13]" time="0.003"/>
  <testcase classname="org.zencoinj.utils.BtcFormatTest" name="microcoinScaleTest[13]" time="0"/>
  <testcase classname="org.zencoinj.utils.BtcFormatTest" name="parseMetricTest[13]" time="0.002"/>
  <testcase classname="org.zencoinj.utils.BtcFormatTest" name="coinScaleTest[13]" time="0.001"/>
  <testcase classname="org.zencoinj.utils.BtcFormatTest" name="builderTest[13]" time="0.003"/>
  <testcase classname="org.zencoinj.utils.BtcFormatTest" name="attributeTest[13]" time="0"/>
  <testcase classname="org.zencoinj.utils.BtcFormatTest" name="prefixTest[13]" time="0"/>
  <testcase classname="org.zencoinj.utils.BtcFormatTest" name="suffixTest[13]" time="0.001"/>
  <testcase classname="org.zencoinj.utils.BtcFormatTest" name="autoDecimalTest[13]" time="0.003"/>
  <testcase classname="org.zencoinj.utils.BtcFormatTest" name="symbolCollisionTest[13]" time="0.002"/>
  <testcase classname="org.zencoinj.utils.BtcFormatTest" name="equalityTest[13]" time="0.004"/>
  <testcase classname="org.zencoinj.utils.BtcFormatTest" name="columnAlignmentTest[13]" time="0"/>
  <testcase classname="org.zencoinj.utils.BtcFormatTest" name="factoryTest[13]" time="0.001"/>
  <testcase classname="org.zencoinj.utils.BtcFormatTest" name="parse[13]" time="0"/>
  <testcase classname="org.zencoinj.utils.BtcFormatTest" name="btcRounding[13]" time="0.002"/>
  <testcase classname="org.zencoinj.utils.BtcFormatTest" name="negativeTest[13]" time="0.001"/>
  <testcase classname="org.zencoinj.utils.BtcFormatTest" name="millicoinScaleTest[13]" time="0"/>
  <testcase classname="org.zencoinj.utils.BtcFormatTest" name="toStringTest[13]" time="0.006"/>
  <testcase classname="org.zencoinj.utils.BtcFormatTest" name="testGrouping[13]" time="0"/>
  <testcase classname="org.zencoinj.utils.BtcFormatTest" name="symbolsCodesTest[13]" time="0.007"/>
  <testcase classname="org.zencoinj.utils.BtcFormatTest" name="defaultLocaleTest[13]" time="0.001"/>
  <testcase classname="org.zencoinj.utils.BtcFormatTest" name="parsePositionTest[13]" time="0.002"/>
  <testcase classname="org.zencoinj.utils.BtcFormatTest" name="argumentTypeTest[13]" time="0.001"/>
  <testcase classname="org.zencoinj.utils.BtcFormatTest" name="characterIteratorTest[13]" time="0.002"/>
  <testcase classname="org.zencoinj.utils.BtcFormatTest" name="repeatingPlaceTest[13]" time="0.001"/>
  <testcase classname="org.zencoinj.utils.BtcFormatTest" name="currencyCodeTest[13]" time="0.001"/>
  <testcase classname="org.zencoinj.utils.BtcFormatTest" name="patternDecimalPlaces[13]" time="0"/>
  <testcase classname="org.zencoinj.utils.BtcFormatTest" name="factoryArgumentsTest[14]" time="0.001"/>
  <testcase classname="org.zencoinj.utils.BtcFormatTest" name="parseTest[14]" time="0.002"/>
  <testcase classname="org.zencoinj.utils.BtcFormatTest" name="microcoinScaleTest[14]" time="0.001"/>
  <testcase classname="org.zencoinj.utils.BtcFormatTest" name="parseMetricTest[14]" time="0.001"/>
  <testcase classname="org.zencoinj.utils.BtcFormatTest" name="coinScaleTest[14]" time="0"/>
  <testcase classname="org.zencoinj.utils.BtcFormatTest" name="builderTest[14]" time="0.004"/>
  <testcase classname="org.zencoinj.utils.BtcFormatTest" name="attributeTest[14]" time="0"/>
  <testcase classname="org.zencoinj.utils.BtcFormatTest" name="prefixTest[14]" time="0"/>
  <testcase classname="org.zencoinj.utils.BtcFormatTest" name="suffixTest[14]" time="0"/>
  <testcase classname="org.zencoinj.utils.BtcFormatTest" name="autoDecimalTest[14]" time="0.002"/>
  <testcase classname="org.zencoinj.utils.BtcFormatTest" name="symbolCollisionTest[14]" time="0.001"/>
  <testcase classname="org.zencoinj.utils.BtcFormatTest" name="equalityTest[14]" time="0.003"/>
  <testcase classname="org.zencoinj.utils.BtcFormatTest" name="columnAlignmentTest[14]" time="0"/>
  <testcase classname="org.zencoinj.utils.BtcFormatTest" name="factoryTest[14]" time="0"/>
  <testcase classname="org.zencoinj.utils.BtcFormatTest" name="parse[14]" time="0"/>
  <testcase classname="org.zencoinj.utils.BtcFormatTest" name="btcRounding[14]" time="0.002"/>
  <testcase classname="org.zencoinj.utils.BtcFormatTest" name="negativeTest[14]" time="0"/>
  <testcase classname="org.zencoinj.utils.BtcFormatTest" name="millicoinScaleTest[14]" time="0"/>
  <testcase classname="org.zencoinj.utils.BtcFormatTest" name="toStringTest[14]" time="0.001"/>
  <testcase classname="org.zencoinj.utils.BtcFormatTest" name="testGrouping[14]" time="0.001"/>
  <testcase classname="org.zencoinj.utils.BtcFormatTest" name="symbolsCodesTest[14]" time="0"/>
  <testcase classname="org.zencoinj.utils.BtcFormatTest" name="defaultLocaleTest[14]" time="0.001"/>
  <testcase classname="org.zencoinj.utils.BtcFormatTest" name="parsePositionTest[14]" time="0"/>
  <testcase classname="org.zencoinj.utils.BtcFormatTest" name="argumentTypeTest[14]" time="0.001"/>
  <testcase classname="org.zencoinj.utils.BtcFormatTest" name="characterIteratorTest[14]" time="0"/>
  <testcase classname="org.zencoinj.utils.BtcFormatTest" name="repeatingPlaceTest[14]" time="0"/>
  <testcase classname="org.zencoinj.utils.BtcFormatTest" name="currencyCodeTest[14]" time="0"/>
  <testcase classname="org.zencoinj.utils.BtcFormatTest" name="patternDecimalPlaces[14]" time="0"/>
  <testcase classname="org.zencoinj.utils.BtcFormatTest" name="factoryArgumentsTest[15]" time="0.002"/>
  <testcase classname="org.zencoinj.utils.BtcFormatTest" name="parseTest[15]" time="0.003"/>
  <testcase classname="org.zencoinj.utils.BtcFormatTest" name="microcoinScaleTest[15]" time="0"/>
  <testcase classname="org.zencoinj.utils.BtcFormatTest" name="parseMetricTest[15]" time="0.002"/>
  <testcase classname="org.zencoinj.utils.BtcFormatTest" name="coinScaleTest[15]" time="0"/>
  <testcase classname="org.zencoinj.utils.BtcFormatTest" name="builderTest[15]" time="0.002"/>
  <testcase classname="org.zencoinj.utils.BtcFormatTest" name="attributeTest[15]" time="0"/>
  <testcase classname="org.zencoinj.utils.BtcFormatTest" name="prefixTest[15]" time="0.001"/>
  <testcase classname="org.zencoinj.utils.BtcFormatTest" name="suffixTest[15]" time="0"/>
  <testcase classname="org.zencoinj.utils.BtcFormatTest" name="autoDecimalTest[15]" time="0.002"/>
  <testcase classname="org.zencoinj.utils.BtcFormatTest" name="symbolCollisionTest[15]" time="0.001"/>
  <testcase classname="org.zencoinj.utils.BtcFormatTest" name="equalityTest[15]" time="0.003"/>
  <testcase classname="org.zencoinj.utils.BtcFormatTest" name="columnAlignmentTest[15]" time="0.001"/>
  <testcase classname="org.zencoinj.utils.BtcFormatTest" name="factoryTest[15]" time="0"/>
  <testcase classname="org.zencoinj.utils.BtcFormatTest" name="parse[15]" time="0"/>
  <testcase classname="org.zencoinj.utils.BtcFormatTest" name="btcRounding[15]" time="0.002"/>
  <testcase classname="org.zencoinj.utils.BtcFormatTest" name="negativeTest[15]" time="0.001"/>
  <testcase classname="org.zencoinj.utils.BtcFormatTest" name="millicoinScaleTest[15]" time="0"/>
  <testcase classname="org.zencoinj.utils.BtcFormatTest" name="toStringTest[15]" time="0.001"/>
  <testcase classname="org.zencoinj.utils.BtcFormatTest" name="testGrouping[15]" time="0"/>
  <testcase classname="org.zencoinj.utils.BtcFormatTest" name="symbolsCodesTest[15]" time="0.001"/>
  <testcase classname="org.zencoinj.utils.BtcFormatTest" name="defaultLocaleTest[15]" time="0.001"/>
  <testcase classname="org.zencoinj.utils.BtcFormatTest" name="parsePositionTest[15]" time="0"/>
  <testcase classname="org.zencoinj.utils.BtcFormatTest" name="argumentTypeTest[15]" time="0.001"/>
  <testcase classname="org.zencoinj.utils.BtcFormatTest" name="characterIteratorTest[15]" time="0.001"/>
  <testcase classname="org.zencoinj.utils.BtcFormatTest" name="repeatingPlaceTest[15]" time="0.001"/>
  <testcase classname="org.zencoinj.utils.BtcFormatTest" name="currencyCodeTest[15]" time="0"/>
  <testcase classname="org.zencoinj.utils.BtcFormatTest" name="patternDecimalPlaces[15]" time="0.001"/>
  <testcase classname="org.zencoinj.utils.BtcFormatTest" name="factoryArgumentsTest[16]" time="0.001"/>
  <testcase classname="org.zencoinj.utils.BtcFormatTest" name="parseTest[16]" time="0.003"/>
  <testcase classname="org.zencoinj.utils.BtcFormatTest" name="microcoinScaleTest[16]" time="0"/>
  <testcase classname="org.zencoinj.utils.BtcFormatTest" name="parseMetricTest[16]" time="0.002"/>
  <testcase classname="org.zencoinj.utils.BtcFormatTest" name="coinScaleTest[16]" time="0"/>
  <testcase classname="org.zencoinj.utils.BtcFormatTest" name="builderTest[16]" time="0.002"/>
  <testcase classname="org.zencoinj.utils.BtcFormatTest" name="attributeTest[16]" time="0.001"/>
  <testcase classname="org.zencoinj.utils.BtcFormatTest" name="prefixTest[16]" time="0"/>
  <testcase classname="org.zencoinj.utils.BtcFormatTest" name="suffixTest[16]" time="0"/>
  <testcase classname="org.zencoinj.utils.BtcFormatTest" name="autoDecimalTest[16]" time="0.001"/>
  <testcase classname="org.zencoinj.utils.BtcFormatTest" name="symbolCollisionTest[16]" time="0.001"/>
  <testcase classname="org.zencoinj.utils.BtcFormatTest" name="equalityTest[16]" time="0.002"/>
  <testcase classname="org.zencoinj.utils.BtcFormatTest" name="columnAlignmentTest[16]" time="0.001"/>
  <testcase classname="org.zencoinj.utils.BtcFormatTest" name="factoryTest[16]" time="0"/>
  <testcase classname="org.zencoinj.utils.BtcFormatTest" name="parse[16]" time="0"/>
  <testcase classname="org.zencoinj.utils.BtcFormatTest" name="btcRounding[16]" time="0.002"/>
  <testcase classname="org.zencoinj.utils.BtcFormatTest" name="negativeTest[16]" time="0"/>
  <testcase classname="org.zencoinj.utils.BtcFormatTest" name="millicoinScaleTest[16]" time="0"/>
  <testcase classname="org.zencoinj.utils.BtcFormatTest" name="toStringTest[16]" time="0.001"/>
  <testcase classname="org.zencoinj.utils.BtcFormatTest" name="testGrouping[16]" time="0.001"/>
  <testcase classname="org.zencoinj.utils.BtcFormatTest" name="symbolsCodesTest[16]" time="0.001"/>
  <testcase classname="org.zencoinj.utils.BtcFormatTest" name="defaultLocaleTest[16]" time="0"/>
  <testcase classname="org.zencoinj.utils.BtcFormatTest" name="parsePositionTest[16]" time="0.001"/>
  <testcase classname="org.zencoinj.utils.BtcFormatTest" name="argumentTypeTest[16]" time="0"/>
  <testcase classname="org.zencoinj.utils.BtcFormatTest" name="characterIteratorTest[16]" time="0.001"/>
  <testcase classname="org.zencoinj.utils.BtcFormatTest" name="repeatingPlaceTest[16]" time="0"/>
  <testcase classname="org.zencoinj.utils.BtcFormatTest" name="currencyCodeTest[16]" time="0.001"/>
  <testcase classname="org.zencoinj.utils.BtcFormatTest" name="patternDecimalPlaces[16]" time="0"/>
  <testcase classname="org.zencoinj.utils.BtcFormatTest" name="factoryArgumentsTest[17]" time="0.002"/>
  <testcase classname="org.zencoinj.utils.BtcFormatTest" name="parseTest[17]" time="0.002"/>
  <testcase classname="org.zencoinj.utils.BtcFormatTest" name="microcoinScaleTest[17]" time="0"/>
  <testcase classname="org.zencoinj.utils.BtcFormatTest" name="parseMetricTest[17]" time="0.002"/>
  <testcase classname="org.zencoinj.utils.BtcFormatTest" name="coinScaleTest[17]" time="0"/>
  <testcase classname="org.zencoinj.utils.BtcFormatTest" name="builderTest[17]" time="0.003"/>
  <testcase classname="org.zencoinj.utils.BtcFormatTest" name="attributeTest[17]" time="0"/>
  <testcase classname="org.zencoinj.utils.BtcFormatTest" name="prefixTest[17]" time="0"/>
  <testcase classname="org.zencoinj.utils.BtcFormatTest" name="suffixTest[17]" time="0"/>
  <testcase classname="org.zencoinj.utils.BtcFormatTest" name="autoDecimalTest[17]" time="0.002"/>
  <testcase classname="org.zencoinj.utils.BtcFormatTest" name="symbolCollisionTest[17]" time="0.001"/>
  <testcase classname="org.zencoinj.utils.BtcFormatTest" name="equalityTest[17]" time="0.002"/>
  <testcase classname="org.zencoinj.utils.BtcFormatTest" name="columnAlignmentTest[17]" time="0.001"/>
  <testcase classname="org.zencoinj.utils.BtcFormatTest" name="factoryTest[17]" time="0"/>
  <testcase classname="org.zencoinj.utils.BtcFormatTest" name="parse[17]" time="0"/>
  <testcase classname="org.zencoinj.utils.BtcFormatTest" name="btcRounding[17]" time="0.002"/>
  <testcase classname="org.zencoinj.utils.BtcFormatTest" name="negativeTest[17]" time="0.001"/>
  <testcase classname="org.zencoinj.utils.BtcFormatTest" name="millicoinScaleTest[17]" time="0"/>
  <testcase classname="org.zencoinj.utils.BtcFormatTest" name="toStringTest[17]" time="0.001"/>
  <testcase classname="org.zencoinj.utils.BtcFormatTest" name="testGrouping[17]" time="0"/>
  <testcase classname="org.zencoinj.utils.BtcFormatTest" name="symbolsCodesTest[17]" time="0.001"/>
  <testcase classname="org.zencoinj.utils.BtcFormatTest" name="defaultLocaleTest[17]" time="0"/>
  <testcase classname="org.zencoinj.utils.BtcFormatTest" name="parsePositionTest[17]" time="0"/>
  <testcase classname="org.zencoinj.utils.BtcFormatTest" name="argumentTypeTest[17]" time="0.001"/>
  <testcase classname="org.zencoinj.utils.BtcFormatTest" name="characterIteratorTest[17]" time="0.002"/>
  <testcase classname="org.zencoinj.utils.BtcFormatTest" name="repeatingPlaceTest[17]" time="0"/>
  <testcase classname="org.zencoinj.utils.BtcFormatTest" name="currencyCodeTest[17]" time="0"/>
  <testcase classname="org.zencoinj.utils.BtcFormatTest" name="patternDecimalPlaces[17]" time="0"/>
  <testcase classname="org.zencoinj.utils.BtcFormatTest" name="factoryArgumentsTest[18]" time="0.001"/>
  <testcase classname="org.zencoinj.utils.BtcFormatTest" name="parseTest[18]" time="0.002"/>
  <testcase classname="org.zencoinj.utils.BtcFormatTest" name="microcoinScaleTest[18]" time="0"/>
  <testcase classname="org.zencoinj.utils.BtcFormatTest" name="parseMetricTest[18]" time="0.001"/>
  <testcase classname="org.zencoinj.utils.BtcFormatTest" name="coinScaleTest[18]" time="0"/>
  <testcase classname="org.zencoinj.utils.BtcFormatTest" name="builderTest[18]" time="0.003"/>
  <testcase classname="org.zencoinj.utils.BtcFormatTest" name="attributeTest[18]" time="0"/>
  <testcase classname="org.zencoinj.utils.BtcFormatTest" name="prefixTest[18]" time="0"/>
  <testcase classname="org.zencoinj.utils.BtcFormatTest" name="suffixTest[18]" time="0"/>
  <testcase classname="org.zencoinj.utils.BtcFormatTest" name="autoDecimalTest[18]" time="0.001"/>
  <testcase classname="org.zencoinj.utils.BtcFormatTest" name="symbolCollisionTest[18]" time="0.001"/>
  <testcase classname="org.zencoinj.utils.BtcFormatTest" name="equalityTest[18]" time="0.003"/>
  <testcase classname="org.zencoinj.utils.BtcFormatTest" name="columnAlignmentTest[18]" time="0"/>
  <testcase classname="org.zencoinj.utils.BtcFormatTest" name="factoryTest[18]" time="0"/>
  <testcase classname="org.zencoinj.utils.BtcFormatTest" name="parse[18]" time="0"/>
  <testcase classname="org.zencoinj.utils.BtcFormatTest" name="btcRounding[18]" time="0.002"/>
  <testcase classname="org.zencoinj.utils.BtcFormatTest" name="negativeTest[18]" time="0"/>
  <testcase classname="org.zencoinj.utils.BtcFormatTest" name="millicoinScaleTest[18]" time="0"/>
  <testcase classname="org.zencoinj.utils.BtcFormatTest" name="toStringTest[18]" time="0.001"/>
  <testcase classname="org.zencoinj.utils.BtcFormatTest" name="testGrouping[18]" time="0"/>
  <testcase classname="org.zencoinj.utils.BtcFormatTest" name="symbolsCodesTest[18]" time="0.001"/>
  <testcase classname="org.zencoinj.utils.BtcFormatTest" name="defaultLocaleTest[18]" time="0"/>
  <testcase classname="org.zencoinj.utils.BtcFormatTest" name="parsePositionTest[18]" time="0"/>
  <testcase classname="org.zencoinj.utils.BtcFormatTest" name="argumentTypeTest[18]" time="0.001"/>
  <testcase classname="org.zencoinj.utils.BtcFormatTest" name="characterIteratorTest[18]" time="0"/>
  <testcase classname="org.zencoinj.utils.BtcFormatTest" name="repeatingPlaceTest[18]" time="0"/>
  <testcase classname="org.zencoinj.utils.BtcFormatTest" name="currencyCodeTest[18]" time="0.001"/>
  <testcase classname="org.zencoinj.utils.BtcFormatTest" name="patternDecimalPlaces[18]" time="0"/>
  <testcase classname="org.zencoinj.utils.BtcFormatTest" name="factoryArgumentsTest[19]" time="0.001"/>
  <testcase classname="org.zencoinj.utils.BtcFormatTest" name="parseTest[19]" time="0.003"/>
  <testcase classname="org.zencoinj.utils.BtcFormatTest" name="microcoinScaleTest[19]" time="0"/>
  <testcase classname="org.zencoinj.utils.BtcFormatTest" name="parseMetricTest[19]" time="0.001"/>
  <testcase classname="org.zencoinj.utils.BtcFormatTest" name="coinScaleTest[19]" time="0"/>
  <testcase classname="org.zencoinj.utils.BtcFormatTest" name="builderTest[19]" time="0.002"/>
  <testcase classname="org.zencoinj.utils.BtcFormatTest" name="attributeTest[19]" time="0"/>
  <testcase classname="org.zencoinj.utils.BtcFormatTest" name="prefixTest[19]" time="0.001"/>
  <testcase classname="org.zencoinj.utils.BtcFormatTest" name="suffixTest[19]" time="0"/>
  <testcase classname="org.zencoinj.utils.BtcFormatTest" name="autoDecimalTest[19]" time="0.001"/>
  <testcase classname="org.zencoinj.utils.BtcFormatTest" name="symbolCollisionTest[19]" time="0.002"/>
  <testcase classname="org.zencoinj.utils.BtcFormatTest" name="equalityTest[19]" time="0.002"/>
  <testcase classname="org.zencoinj.utils.BtcFormatTest" name="columnAlignmentTest[19]" time="0"/>
  <testcase classname="org.zencoinj.utils.BtcFormatTest" name="factoryTest[19]" time="0.001"/>
  <testcase classname="org.zencoinj.utils.BtcFormatTest" name="parse[19]" time="0"/>
  <testcase classname="org.zencoinj.utils.BtcFormatTest" name="btcRounding[19]" time="0.001"/>
  <testcase classname="org.zencoinj.utils.BtcFormatTest" name="negativeTest[19]" time="0"/>
  <testcase classname="org.zencoinj.utils.BtcFormatTest" name="millicoinScaleTest[19]" time="0.001"/>
  <testcase classname="org.zencoinj.utils.BtcFormatTest" name="toStringTest[19]" time="0"/>
  <testcase classname="org.zencoinj.utils.BtcFormatTest" name="testGrouping[19]" time="0"/>
  <testcase classname="org.zencoinj.utils.BtcFormatTest" name="symbolsCodesTest[19]" time="0.001"/>
  <testcase classname="org.zencoinj.utils.BtcFormatTest" name="defaultLocaleTest[19]" time="0"/>
  <testcase classname="org.zencoinj.utils.BtcFormatTest" name="parsePositionTest[19]" time="0"/>
  <testcase classname="org.zencoinj.utils.BtcFormatTest" name="argumentTypeTest[19]" time="0.001"/>
  <testcase classname="org.zencoinj.utils.BtcFormatTest" name="characterIteratorTest[19]" time="0"/>
  <testcase classname="org.zencoinj.utils.BtcFormatTest" name="repeatingPlaceTest[19]" time="0.001"/>
  <testcase classname="org.zencoinj.utils.BtcFormatTest" name="currencyCodeTest[19]" time="0"/>
  <testcase classname="org.zencoinj.utils.BtcFormatTest" name="patternDecimalPlaces[19]" time="0"/>
  <testcase classname="org.zencoinj.utils.BtcFormatTest" name="factoryArgumentsTest[20]" time="0.001"/>
  <testcase classname="org.zencoinj.utils.BtcFormatTest" name="parseTest[20]" time="0.002"/>
  <testcase classname="org.zencoinj.utils.BtcFormatTest" name="microcoinScaleTest[20]" time="0"/>
  <testcase classname="org.zencoinj.utils.BtcFormatTest" name="parseMetricTest[20]" time="0.001"/>
  <testcase classname="org.zencoinj.utils.BtcFormatTest" name="coinScaleTest[20]" time="0.001"/>
  <testcase classname="org.zencoinj.utils.BtcFormatTest" name="builderTest[20]" time="0.001"/>
  <testcase classname="org.zencoinj.utils.BtcFormatTest" name="attributeTest[20]" time="0"/>
  <testcase classname="org.zencoinj.utils.BtcFormatTest" name="prefixTest[20]" time="0.001"/>
  <testcase classname="org.zencoinj.utils.BtcFormatTest" name="suffixTest[20]" time="0"/>
  <testcase classname="org.zencoinj.utils.BtcFormatTest" name="autoDecimalTest[20]" time="0"/>
  <testcase classname="org.zencoinj.utils.BtcFormatTest" name="symbolCollisionTest[20]" time="0.002"/>
  <testcase classname="org.zencoinj.utils.BtcFormatTest" name="equalityTest[20]" time="0.002"/>
  <testcase classname="org.zencoinj.utils.BtcFormatTest" name="columnAlignmentTest[20]" time="0"/>
  <testcase classname="org.zencoinj.utils.BtcFormatTest" name="factoryTest[20]" time="0"/>
  <testcase classname="org.zencoinj.utils.BtcFormatTest" name="parse[20]" time="0.001"/>
  <testcase classname="org.zencoinj.utils.BtcFormatTest" name="btcRounding[20]" time="0.001"/>
  <testcase classname="org.zencoinj.utils.BtcFormatTest" name="negativeTest[20]" time="0.001"/>
  <testcase classname="org.zencoinj.utils.BtcFormatTest" name="millicoinScaleTest[20]" time="0"/>
  <testcase classname="org.zencoinj.utils.BtcFormatTest" name="toStringTest[20]" time="0.001"/>
  <testcase classname="org.zencoinj.utils.BtcFormatTest" name="testGrouping[20]" time="0"/>
  <testcase classname="org.zencoinj.utils.BtcFormatTest" name="symbolsCodesTest[20]" time="0"/>
  <testcase classname="org.zencoinj.utils.BtcFormatTest" name="defaultLocaleTest[20]" time="0"/>
  <testcase classname="org.zencoinj.utils.BtcFormatTest" name="parsePositionTest[20]" time="0"/>
  <testcase classname="org.zencoinj.utils.BtcFormatTest" name="argumentTypeTest[20]" time="0.001"/>
  <testcase classname="org.zencoinj.utils.BtcFormatTest" name="characterIteratorTest[20]" time="0"/>
  <testcase classname="org.zencoinj.utils.BtcFormatTest" name="repeatingPlaceTest[20]" time="0.001"/>
  <testcase classname="org.zencoinj.utils.BtcFormatTest" name="currencyCodeTest[20]" time="0"/>
  <testcase classname="org.zencoinj.utils.BtcFormatTest" name="patternDecimalPlaces[20]" time="0"/>
  <testcase classname="org.zencoinj.utils.BtcFormatTest" name="factoryArgumentsTest[21]" time="0.001"/>
  <testcase classname="org.zencoinj.utils.BtcFormatTest" name="parseTest[21]" time="0.002"/>
  <testcase classname="org.zencoinj.utils.BtcFormatTest" name="microcoinScaleTest[21]" time="0"/>
  <testcase classname="org.zencoinj.utils.BtcFormatTest" name="parseMetricTest[21]" time="0.008"/>
  <testcase classname="org.zencoinj.utils.BtcFormatTest" name="coinScaleTest[21]" time="0"/>
  <testcase classname="org.zencoinj.utils.BtcFormatTest" name="builderTest[21]" time="0.003"/>
  <testcase classname="org.zencoinj.utils.BtcFormatTest" name="attributeTest[21]" time="0"/>
  <testcase classname="org.zencoinj.utils.BtcFormatTest" name="prefixTest[21]" time="0"/>
  <testcase classname="org.zencoinj.utils.BtcFormatTest" name="suffixTest[21]" time="0.001"/>
  <testcase classname="org.zencoinj.utils.BtcFormatTest" name="autoDecimalTest[21]" time="0.001"/>
  <testcase classname="org.zencoinj.utils.BtcFormatTest" name="symbolCollisionTest[21]" time="0.001"/>
  <testcase classname="org.zencoinj.utils.BtcFormatTest" name="equalityTest[21]" time="0.003"/>
  <testcase classname="org.zencoinj.utils.BtcFormatTest" name="columnAlignmentTest[21]" time="0"/>
  <testcase classname="org.zencoinj.utils.BtcFormatTest" name="factoryTest[21]" time="0"/>
  <testcase classname="org.zencoinj.utils.BtcFormatTest" name="parse[21]" time="0"/>
  <testcase classname="org.zencoinj.utils.BtcFormatTest" name="btcRounding[21]" time="0.002"/>
  <testcase classname="org.zencoinj.utils.BtcFormatTest" name="negativeTest[21]" time="0"/>
  <testcase classname="org.zencoinj.utils.BtcFormatTest" name="millicoinScaleTest[21]" time="0"/>
  <testcase classname="org.zencoinj.utils.BtcFormatTest" name="toStringTest[21]" time="0.001"/>
  <testcase classname="org.zencoinj.utils.BtcFormatTest" name="testGrouping[21]" time="0"/>
  <testcase classname="org.zencoinj.utils.BtcFormatTest" name="symbolsCodesTest[21]" time="0.001"/>
  <testcase classname="org.zencoinj.utils.BtcFormatTest" name="defaultLocaleTest[21]" time="0"/>
  <testcase classname="org.zencoinj.utils.BtcFormatTest" name="parsePositionTest[21]" time="0.001"/>
  <testcase classname="org.zencoinj.utils.BtcFormatTest" name="argumentTypeTest[21]" time="0"/>
  <testcase classname="org.zencoinj.utils.BtcFormatTest" name="characterIteratorTest[21]" time="0.001"/>
  <testcase classname="org.zencoinj.utils.BtcFormatTest" name="repeatingPlaceTest[21]" time="0"/>
  <testcase classname="org.zencoinj.utils.BtcFormatTest" name="currencyCodeTest[21]" time="0"/>
  <testcase classname="org.zencoinj.utils.BtcFormatTest" name="patternDecimalPlaces[21]" time="0"/>
  <testcase classname="org.zencoinj.utils.BtcFormatTest" name="factoryArgumentsTest[22]" time="0.001"/>
  <testcase classname="org.zencoinj.utils.BtcFormatTest" name="parseTest[22]" time="0.003"/>
  <testcase classname="org.zencoinj.utils.BtcFormatTest" name="microcoinScaleTest[22]" time="0"/>
  <testcase classname="org.zencoinj.utils.BtcFormatTest" name="parseMetricTest[22]" time="0.001"/>
  <testcase classname="org.zencoinj.utils.BtcFormatTest" name="coinScaleTest[22]" time="0"/>
  <testcase classname="org.zencoinj.utils.BtcFormatTest" name="builderTest[22]" time="0.001"/>
  <testcase classname="org.zencoinj.utils.BtcFormatTest" name="attributeTest[22]" time="0"/>
  <testcase classname="org.zencoinj.utils.BtcFormatTest" name="prefixTest[22]" time="0.001"/>
  <testcase classname="org.zencoinj.utils.BtcFormatTest" name="suffixTest[22]" time="0"/>
  <testcase classname="org.zencoinj.utils.BtcFormatTest" name="autoDecimalTest[22]" time="0.001"/>
  <testcase classname="org.zencoinj.utils.BtcFormatTest" name="symbolCollisionTest[22]" time="0.001"/>
  <testcase classname="org.zencoinj.utils.BtcFormatTest" name="equalityTest[22]" time="0.003"/>
  <testcase classname="org.zencoinj.utils.BtcFormatTest" name="columnAlignmentTest[22]" time="0"/>
  <testcase classname="org.zencoinj.utils.BtcFormatTest" name="factoryTest[22]" time="0"/>
  <testcase classname="org.zencoinj.utils.BtcFormatTest" name="parse[22]" time="0"/>
  <testcase classname="org.zencoinj.utils.BtcFormatTest" name="btcRounding[22]" time="0.002"/>
  <testcase classname="org.zencoinj.utils.BtcFormatTest" name="negativeTest[22]" time="0"/>
  <testcase classname="org.zencoinj.utils.BtcFormatTest" name="millicoinScaleTest[22]" time="0.001"/>
  <testcase classname="org.zencoinj.utils.BtcFormatTest" name="toStringTest[22]" time="0"/>
  <testcase classname="org.zencoinj.utils.BtcFormatTest" name="testGrouping[22]" time="0"/>
  <testcase classname="org.zencoinj.utils.BtcFormatTest" name="symbolsCodesTest[22]" time="0.001"/>
  <testcase classname="org.zencoinj.utils.BtcFormatTest" name="defaultLocaleTest[22]" time="0"/>
  <testcase classname="org.zencoinj.utils.BtcFormatTest" name="parsePositionTest[22]" time="0"/>
  <testcase classname="org.zencoinj.utils.BtcFormatTest" name="argumentTypeTest[22]" time="0.001"/>
  <testcase classname="org.zencoinj.utils.BtcFormatTest" name="characterIteratorTest[22]" time="0"/>
  <testcase classname="org.zencoinj.utils.BtcFormatTest" name="repeatingPlaceTest[22]" time="0"/>
  <testcase classname="org.zencoinj.utils.BtcFormatTest" name="currencyCodeTest[22]" time="0"/>
  <testcase classname="org.zencoinj.utils.BtcFormatTest" name="patternDecimalPlaces[22]" time="0"/>
  <testcase classname="org.zencoinj.utils.BtcFormatTest" name="factoryArgumentsTest[23]" time="0.002"/>
  <testcase classname="org.zencoinj.utils.BtcFormatTest" name="parseTest[23]" time="0.002"/>
  <testcase classname="org.zencoinj.utils.BtcFormatTest" name="microcoinScaleTest[23]" time="0"/>
  <testcase classname="org.zencoinj.utils.BtcFormatTest" name="parseMetricTest[23]" time="0.001"/>
  <testcase classname="org.zencoinj.utils.BtcFormatTest" name="coinScaleTest[23]" time="0"/>
  <testcase classname="org.zencoinj.utils.BtcFormatTest" name="builderTest[23]" time="0.002"/>
  <testcase classname="org.zencoinj.utils.BtcFormatTest" name="attributeTest[23]" time="0"/>
  <testcase classname="org.zencoinj.utils.BtcFormatTest" name="prefixTest[23]" time="0"/>
  <testcase classname="org.zencoinj.utils.BtcFormatTest" name="suffixTest[23]" time="0"/>
  <testcase classname="org.zencoinj.utils.BtcFormatTest" name="autoDecimalTest[23]" time="0.002"/>
  <testcase classname="org.zencoinj.utils.BtcFormatTest" name="symbolCollisionTest[23]" time="0.001"/>
  <testcase classname="org.zencoinj.utils.BtcFormatTest" name="equalityTest[23]" time="0.002"/>
  <testcase classname="org.zencoinj.utils.BtcFormatTest" name="columnAlignmentTest[23]" time="0"/>
  <testcase classname="org.zencoinj.utils.BtcFormatTest" name="factoryTest[23]" time="0"/>
  <testcase classname="org.zencoinj.utils.BtcFormatTest" name="parse[23]" time="0"/>
  <testcase classname="org.zencoinj.utils.BtcFormatTest" name="btcRounding[23]" time="0.002"/>
  <testcase classname="org.zencoinj.utils.BtcFormatTest" name="negativeTest[23]" time="0"/>
  <testcase classname="org.zencoinj.utils.BtcFormatTest" name="millicoinScaleTest[23]" time="0"/>
  <testcase classname="org.zencoinj.utils.BtcFormatTest" name="toStringTest[23]" time="0.001"/>
  <testcase classname="org.zencoinj.utils.BtcFormatTest" name="testGrouping[23]" time="0"/>
  <testcase classname="org.zencoinj.utils.BtcFormatTest" name="symbolsCodesTest[23]" time="0.001"/>
  <testcase classname="org.zencoinj.utils.BtcFormatTest" name="defaultLocaleTest[23]" time="0"/>
  <testcase classname="org.zencoinj.utils.BtcFormatTest" name="parsePositionTest[23]" time="0"/>
  <testcase classname="org.zencoinj.utils.BtcFormatTest" name="argumentTypeTest[23]" time="0.001"/>
  <testcase classname="org.zencoinj.utils.BtcFormatTest" name="characterIteratorTest[23]" time="0"/>
  <testcase classname="org.zencoinj.utils.BtcFormatTest" name="repeatingPlaceTest[23]" time="0.001"/>
  <testcase classname="org.zencoinj.utils.BtcFormatTest" name="currencyCodeTest[23]" time="0"/>
  <testcase classname="org.zencoinj.utils.BtcFormatTest" name="patternDecimalPlaces[23]" time="0"/>
  <testcase classname="org.zencoinj.utils.BtcFormatTest" name="factoryArgumentsTest[24]" time="0.002"/>
  <testcase classname="org.zencoinj.utils.BtcFormatTest" name="parseTest[24]" time="0.002"/>
  <testcase classname="org.zencoinj.utils.BtcFormatTest" name="microcoinScaleTest[24]" time="0"/>
  <testcase classname="org.zencoinj.utils.BtcFormatTest" name="parseMetricTest[24]" time="0.001"/>
  <testcase classname="org.zencoinj.utils.BtcFormatTest" name="coinScaleTest[24]" time="0"/>
  <testcase classname="org.zencoinj.utils.BtcFormatTest" name="builderTest[24]" time="0.002"/>
  <testcase classname="org.zencoinj.utils.BtcFormatTest" name="attributeTest[24]" time="0.001"/>
  <testcase classname="org.zencoinj.utils.BtcFormatTest" name="prefixTest[24]" time="0"/>
  <testcase classname="org.zencoinj.utils.BtcFormatTest" name="suffixTest[24]" time="0"/>
  <testcase classname="org.zencoinj.utils.BtcFormatTest" name="autoDecimalTest[24]" time="0.001"/>
  <testcase classname="org.zencoinj.utils.BtcFormatTest" name="symbolCollisionTest[24]" time="0.001"/>
  <testcase classname="org.zencoinj.utils.BtcFormatTest" name="equalityTest[24]" time="0.003"/>
  <testcase classname="org.zencoinj.utils.BtcFormatTest" name="columnAlignmentTest[24]" time="0"/>
  <testcase classname="org.zencoinj.utils.BtcFormatTest" name="factoryTest[24]" time="0"/>
  <testcase classname="org.zencoinj.utils.BtcFormatTest" name="parse[24]" time="0.001"/>
  <testcase classname="org.zencoinj.utils.BtcFormatTest" name="btcRounding[24]" time="0.001"/>
  <testcase classname="org.zencoinj.utils.BtcFormatTest" name="negativeTest[24]" time="0"/>
  <testcase classname="org.zencoinj.utils.BtcFormatTest" name="millicoinScaleTest[24]" time="0"/>
  <testcase classname="org.zencoinj.utils.BtcFormatTest" name="toStringTest[24]" time="0.001"/>
  <testcase classname="org.zencoinj.utils.BtcFormatTest" name="testGrouping[24]" time="0.001"/>
  <testcase classname="org.zencoinj.utils.BtcFormatTest" name="symbolsCodesTest[24]" time="0"/>
  <testcase classname="org.zencoinj.utils.BtcFormatTest" name="defaultLocaleTest[24]" time="0"/>
  <testcase classname="org.zencoinj.utils.BtcFormatTest" name="parsePositionTest[24]" time="0"/>
  <testcase classname="org.zencoinj.utils.BtcFormatTest" name="argumentTypeTest[24]" time="0"/>
  <testcase classname="org.zencoinj.utils.BtcFormatTest" name="characterIteratorTest[24]" time="0.001"/>
  <testcase classname="org.zencoinj.utils.BtcFormatTest" name="repeatingPlaceTest[24]" time="0"/>
  <testcase classname="org.zencoinj.utils.BtcFormatTest" name="currencyCodeTest[24]" time="0"/>
  <testcase classname="org.zencoinj.utils.BtcFormatTest" name="patternDecimalPlaces[24]" time="0"/>
  <testcase classname="org.zencoinj.utils.BtcFormatTest" name="factoryArgumentsTest[25]" time="0.002"/>
  <testcase classname="org.zencoinj.utils.BtcFormatTest" name="parseTest[25]" time="0.002"/>
  <testcase classname="org.zencoinj.utils.BtcFormatTest" name="microcoinScaleTest[25]" time="0"/>
  <testcase classname="org.zencoinj.utils.BtcFormatTest" name="parseMetricTest[25]" time="0.002"/>
  <testcase classname="org.zencoinj.utils.BtcFormatTest" name="coinScaleTest[25]" time="0.001"/>
  <testcase classname="org.zencoinj.utils.BtcFormatTest" name="builderTest[25]" time="0.002"/>
  <testcase classname="org.zencoinj.utils.BtcFormatTest" name="attributeTest[25]" time="0"/>
  <testcase classname="org.zencoinj.utils.BtcFormatTest" name="prefixTest[25]" time="0"/>
  <testcase classname="org.zencoinj.utils.BtcFormatTest" name="suffixTest[25]" time="0"/>
  <testcase classname="org.zencoinj.utils.BtcFormatTest" name="autoDecimalTest[25]" time="0.001"/>
  <testcase classname="org.zencoinj.utils.BtcFormatTest" name="symbolCollisionTest[25]" time="0.001"/>
  <testcase classname="org.zencoinj.utils.BtcFormatTest" name="equalityTest[25]" time="0.003"/>
  <testcase classname="org.zencoinj.utils.BtcFormatTest" name="columnAlignmentTest[25]" time="0.001"/>
  <testcase classname="org.zencoinj.utils.BtcFormatTest" name="factoryTest[25]" time="0"/>
  <testcase classname="org.zencoinj.utils.BtcFormatTest" name="parse[25]" time="0"/>
  <testcase classname="org.zencoinj.utils.BtcFormatTest" name="btcRounding[25]" time="0.002"/>
  <testcase classname="org.zencoinj.utils.BtcFormatTest" name="negativeTest[25]" time="0"/>
  <testcase classname="org.zencoinj.utils.BtcFormatTest" name="millicoinScaleTest[25]" time="0.001"/>
  <testcase classname="org.zencoinj.utils.BtcFormatTest" name="toStringTest[25]" time="0.001"/>
  <testcase classname="org.zencoinj.utils.BtcFormatTest" name="testGrouping[25]" time="0.001"/>
  <testcase classname="org.zencoinj.utils.BtcFormatTest" name="symbolsCodesTest[25]" time="0"/>
  <testcase classname="org.zencoinj.utils.BtcFormatTest" name="defaultLocaleTest[25]" time="0.001"/>
  <testcase classname="org.zencoinj.utils.BtcFormatTest" name="parsePositionTest[25]" time="0"/>
  <testcase classname="org.zencoinj.utils.BtcFormatTest" name="argumentTypeTest[25]" time="0.001"/>
  <testcase classname="org.zencoinj.utils.BtcFormatTest" name="characterIteratorTest[25]" time="0"/>
  <testcase classname="org.zencoinj.utils.BtcFormatTest" name="repeatingPlaceTest[25]" time="0.001"/>
  <testcase classname="org.zencoinj.utils.BtcFormatTest" name="currencyCodeTest[25]" time="0"/>
  <testcase classname="org.zencoinj.utils.BtcFormatTest" name="patternDecimalPlaces[25]" time="0"/>
  <testcase classname="org.zencoinj.utils.BtcFormatTest" name="factoryArgumentsTest[26]" time="0.001"/>
  <testcase classname="org.zencoinj.utils.BtcFormatTest" name="parseTest[26]" time="0.002"/>
  <testcase classname="org.zencoinj.utils.BtcFormatTest" name="microcoinScaleTest[26]" time="0"/>
  <testcase classname="org.zencoinj.utils.BtcFormatTest" name="parseMetricTest[26]" time="0.001"/>
  <testcase classname="org.zencoinj.utils.BtcFormatTest" name="coinScaleTest[26]" time="0.001"/>
  <testcase classname="org.zencoinj.utils.BtcFormatTest" name="builderTest[26]" time="0.002"/>
  <testcase classname="org.zencoinj.utils.BtcFormatTest" name="attributeTest[26]" time="0.001"/>
  <testcase classname="org.zencoinj.utils.BtcFormatTest" name="prefixTest[26]" time="0"/>
  <testcase classname="org.zencoinj.utils.BtcFormatTest" name="suffixTest[26]" time="0"/>
  <testcase classname="org.zencoinj.utils.BtcFormatTest" name="autoDecimalTest[26]" time="0.002"/>
  <testcase classname="org.zencoinj.utils.BtcFormatTest" name="symbolCollisionTest[26]" time="0.002"/>
  <testcase classname="org.zencoinj.utils.BtcFormatTest" name="equalityTest[26]" time="0.003"/>
  <testcase classname="org.zencoinj.utils.BtcFormatTest" name="columnAlignmentTest[26]" time="0.001"/>
  <testcase classname="org.zencoinj.utils.BtcFormatTest" name="factoryTest[26]" time="0"/>
  <testcase classname="org.zencoinj.utils.BtcFormatTest" name="parse[26]" time="0"/>
  <testcase classname="org.zencoinj.utils.BtcFormatTest" name="btcRounding[26]" time="0.002"/>
  <testcase classname="org.zencoinj.utils.BtcFormatTest" name="negativeTest[26]" time="0.001"/>
  <testcase classname="org.zencoinj.utils.BtcFormatTest" name="millicoinScaleTest[26]" time="0"/>
  <testcase classname="org.zencoinj.utils.BtcFormatTest" name="toStringTest[26]" time="0.001"/>
  <testcase classname="org.zencoinj.utils.BtcFormatTest" name="testGrouping[26]" time="0"/>
  <testcase classname="org.zencoinj.utils.BtcFormatTest" name="symbolsCodesTest[26]" time="0"/>
  <testcase classname="org.zencoinj.utils.BtcFormatTest" name="defaultLocaleTest[26]" time="0"/>
  <testcase classname="org.zencoinj.utils.BtcFormatTest" name="parsePositionTest[26]" time="0.001"/>
  <testcase classname="org.zencoinj.utils.BtcFormatTest" name="argumentTypeTest[26]" time="0"/>
  <testcase classname="org.zencoinj.utils.BtcFormatTest" name="characterIteratorTest[26]" time="0"/>
  <testcase classname="org.zencoinj.utils.BtcFormatTest" name="repeatingPlaceTest[26]" time="0"/>
  <testcase classname="org.zencoinj.utils.BtcFormatTest" name="currencyCodeTest[26]" time="0"/>
  <testcase classname="org.zencoinj.utils.BtcFormatTest" name="patternDecimalPlaces[26]" time="0"/>
  <testcase classname="org.zencoinj.utils.BtcFormatTest" name="factoryArgumentsTest[27]" time="0.001"/>
  <testcase classname="org.zencoinj.utils.BtcFormatTest" name="parseTest[27]" time="0.002"/>
  <testcase classname="org.zencoinj.utils.BtcFormatTest" name="microcoinScaleTest[27]" time="0"/>
  <testcase classname="org.zencoinj.utils.BtcFormatTest" name="parseMetricTest[27]" time="0.001"/>
  <testcase classname="org.zencoinj.utils.BtcFormatTest" name="coinScaleTest[27]" time="0"/>
  <testcase classname="org.zencoinj.utils.BtcFormatTest" name="builderTest[27]" time="0.003"/>
  <testcase classname="org.zencoinj.utils.BtcFormatTest" name="attributeTest[27]" time="0.001"/>
  <testcase classname="org.zencoinj.utils.BtcFormatTest" name="prefixTest[27]" time="0"/>
  <testcase classname="org.zencoinj.utils.BtcFormatTest" name="suffixTest[27]" time="0"/>
  <testcase classname="org.zencoinj.utils.BtcFormatTest" name="autoDecimalTest[27]" time="0.002"/>
  <testcase classname="org.zencoinj.utils.BtcFormatTest" name="symbolCollisionTest[27]" time="0.002"/>
  <testcase classname="org.zencoinj.utils.BtcFormatTest" name="equalityTest[27]" time="0.002"/>
  <testcase classname="org.zencoinj.utils.BtcFormatTest" name="columnAlignmentTest[27]" time="0"/>
  <testcase classname="org.zencoinj.utils.BtcFormatTest" name="factoryTest[27]" time="0"/>
  <testcase classname="org.zencoinj.utils.BtcFormatTest" name="parse[27]" time="0"/>
  <testcase classname="org.zencoinj.utils.BtcFormatTest" name="btcRounding[27]" time="0.002"/>
  <testcase classname="org.zencoinj.utils.BtcFormatTest" name="negativeTest[27]" time="0.001"/>
  <testcase classname="org.zencoinj.utils.BtcFormatTest" name="millicoinScaleTest[27]" time="0"/>
  <testcase classname="org.zencoinj.utils.BtcFormatTest" name="toStringTest[27]" time="0.001"/>
  <testcase classname="org.zencoinj.utils.BtcFormatTest" name="testGrouping[27]" time="0"/>
  <testcase classname="org.zencoinj.utils.BtcFormatTest" name="symbolsCodesTest[27]" time="0.001"/>
  <testcase classname="org.zencoinj.utils.BtcFormatTest" name="defaultLocaleTest[27]" time="0"/>
  <testcase classname="org.zencoinj.utils.BtcFormatTest" name="parsePositionTest[27]" time="0.001"/>
  <testcase classname="org.zencoinj.utils.BtcFormatTest" name="argumentTypeTest[27]" time="0"/>
  <testcase classname="org.zencoinj.utils.BtcFormatTest" name="characterIteratorTest[27]" time="0.001"/>
  <testcase classname="org.zencoinj.utils.BtcFormatTest" name="repeatingPlaceTest[27]" time="0"/>
  <testcase classname="org.zencoinj.utils.BtcFormatTest" name="currencyCodeTest[27]" time="0.001"/>
  <testcase classname="org.zencoinj.utils.BtcFormatTest" name="patternDecimalPlaces[27]" time="0"/>
  <testcase classname="org.zencoinj.utils.BtcFormatTest" name="factoryArgumentsTest[28]" time="0.001"/>
  <testcase classname="org.zencoinj.utils.BtcFormatTest" name="parseTest[28]" time="0.003"/>
  <testcase classname="org.zencoinj.utils.BtcFormatTest" name="microcoinScaleTest[28]" time="0"/>
  <testcase classname="org.zencoinj.utils.BtcFormatTest" name="parseMetricTest[28]" time="0.003"/>
  <testcase classname="org.zencoinj.utils.BtcFormatTest" name="coinScaleTest[28]" time="0"/>
  <testcase classname="org.zencoinj.utils.BtcFormatTest" name="builderTest[28]" time="0.005"/>
  <testcase classname="org.zencoinj.utils.BtcFormatTest" name="attributeTest[28]" time="0"/>
  <testcase classname="org.zencoinj.utils.BtcFormatTest" name="prefixTest[28]" time="0.001"/>
  <testcase classname="org.zencoinj.utils.BtcFormatTest" name="suffixTest[28]" time="0"/>
  <testcase classname="org.zencoinj.utils.BtcFormatTest" name="autoDecimalTest[28]" time="0.002"/>
  <testcase classname="org.zencoinj.utils.BtcFormatTest" name="symbolCollisionTest[28]" time="0.001"/>
  <testcase classname="org.zencoinj.utils.BtcFormatTest" name="equalityTest[28]" time="0.004"/>
  <testcase classname="org.zencoinj.utils.BtcFormatTest" name="columnAlignmentTest[28]" time="0.001"/>
  <testcase classname="org.zencoinj.utils.BtcFormatTest" name="factoryTest[28]" time="0"/>
  <testcase classname="org.zencoinj.utils.BtcFormatTest" name="parse[28]" time="0"/>
  <testcase classname="org.zencoinj.utils.BtcFormatTest" name="btcRounding[28]" time="0.002"/>
  <testcase classname="org.zencoinj.utils.BtcFormatTest" name="negativeTest[28]" time="0"/>
  <testcase classname="org.zencoinj.utils.BtcFormatTest" name="millicoinScaleTest[28]" time="0"/>
  <testcase classname="org.zencoinj.utils.BtcFormatTest" name="toStringTest[28]" time="0.001"/>
  <testcase classname="org.zencoinj.utils.BtcFormatTest" name="testGrouping[28]" time="0"/>
  <testcase classname="org.zencoinj.utils.BtcFormatTest" name="symbolsCodesTest[28]" time="0.001"/>
  <testcase classname="org.zencoinj.utils.BtcFormatTest" name="defaultLocaleTest[28]" time="0.001"/>
  <testcase classname="org.zencoinj.utils.BtcFormatTest" name="parsePositionTest[28]" time="0.001"/>
  <testcase classname="org.zencoinj.utils.BtcFormatTest" name="argumentTypeTest[28]" time="0"/>
  <testcase classname="org.zencoinj.utils.BtcFormatTest" name="characterIteratorTest[28]" time="0.001"/>
  <testcase classname="org.zencoinj.utils.BtcFormatTest" name="repeatingPlaceTest[28]" time="0"/>
  <testcase classname="org.zencoinj.utils.BtcFormatTest" name="currencyCodeTest[28]" time="0"/>
  <testcase classname="org.zencoinj.utils.BtcFormatTest" name="patternDecimalPlaces[28]" time="0"/>
  <testcase classname="org.zencoinj.utils.BtcFormatTest" name="factoryArgumentsTest[29]" time="0.002"/>
  <testcase classname="org.zencoinj.utils.BtcFormatTest" name="parseTest[29]" time="0.003"/>
  <testcase classname="org.zencoinj.utils.BtcFormatTest" name="microcoinScaleTest[29]" time="0"/>
  <testcase classname="org.zencoinj.utils.BtcFormatTest" name="parseMetricTest[29]" time="0.001"/>
  <testcase classname="org.zencoinj.utils.BtcFormatTest" name="coinScaleTest[29]" time="0"/>
  <testcase classname="org.zencoinj.utils.BtcFormatTest" name="builderTest[29]" time="0.003"/>
  <testcase classname="org.zencoinj.utils.BtcFormatTest" name="attributeTest[29]" time="0"/>
  <testcase classname="org.zencoinj.utils.BtcFormatTest" name="prefixTest[29]" time="0"/>
  <testcase classname="org.zencoinj.utils.BtcFormatTest" name="suffixTest[29]" time="0.001"/>
  <testcase classname="org.zencoinj.utils.BtcFormatTest" name="autoDecimalTest[29]" time="0.001"/>
  <testcase classname="org.zencoinj.utils.BtcFormatTest" name="symbolCollisionTest[29]" time="0.002"/>
  <testcase classname="org.zencoinj.utils.BtcFormatTest" name="equalityTest[29]" time="0.003"/>
  <testcase classname="org.zencoinj.utils.BtcFormatTest" name="columnAlignmentTest[29]" time="0"/>
  <testcase classname="org.zencoinj.utils.BtcFormatTest" name="factoryTest[29]" time="0.001"/>
  <testcase classname="org.zencoinj.utils.BtcFormatTest" name="parse[29]" time="0"/>
  <testcase classname="org.zencoinj.utils.BtcFormatTest" name="btcRounding[29]" time="0.001"/>
[...]
  <testcase classname="org.zencoinj.utils.BtcFormatTest" name="testGrouping[152]" time="0"/>
  <testcase classname="org.zencoinj.utils.BtcFormatTest" name="symbolsCodesTest[152]" time="0"/>
  <testcase classname="org.zencoinj.utils.BtcFormatTest" name="defaultLocaleTest[152]" time="0.001"/>
  <testcase classname="org.zencoinj.utils.BtcFormatTest" name="parsePositionTest[152]" time="0"/>
  <testcase classname="org.zencoinj.utils.BtcFormatTest" name="argumentTypeTest[152]" time="0"/>
  <testcase classname="org.zencoinj.utils.BtcFormatTest" name="characterIteratorTest[152]" time="0"/>
  <testcase classname="org.zencoinj.utils.BtcFormatTest" name="repeatingPlaceTest[152]" time="0.001"/>
  <testcase classname="org.zencoinj.utils.BtcFormatTest" name="currencyCodeTest[152]" time="0"/>
  <testcase classname="org.zencoinj.utils.BtcFormatTest" name="patternDecimalPlaces[152]" time="0"/>
  <testcase classname="org.zencoinj.utils.BtcFormatTest" name="factoryArgumentsTest[153]" time="0.001"/>
  <testcase classname="org.zencoinj.utils.BtcFormatTest" name="parseTest[153]" time="0.002"/>
  <testcase classname="org.zencoinj.utils.BtcFormatTest" name="microcoinScaleTest[153]" time="0"/>
  <testcase classname="org.zencoinj.utils.BtcFormatTest" name="parseMetricTest[153]" time="0.001"/>
  <testcase classname="org.zencoinj.utils.BtcFormatTest" name="coinScaleTest[153]" time="0"/>
  <testcase classname="org.zencoinj.utils.BtcFormatTest" name="builderTest[153]" time="0.001"/>
  <testcase classname="org.zencoinj.utils.BtcFormatTest" name="attributeTest[153]" time="0.001"/>
  <testcase classname="org.zencoinj.utils.BtcFormatTest" name="prefixTest[153]" time="0"/>
  <testcase classname="org.zencoinj.utils.BtcFormatTest" name="suffixTest[153]" time="0"/>
  <testcase classname="org.zencoinj.utils.BtcFormatTest" name="autoDecimalTest[153]" time="0.001"/>
  <testcase classname="org.zencoinj.utils.BtcFormatTest" name="symbolCollisionTest[153]" time="0"/>
  <testcase classname="org.zencoinj.utils.BtcFormatTest" name="equalityTest[153]" time="0.001"/>
  <testcase classname="org.zencoinj.utils.BtcFormatTest" name="columnAlignmentTest[153]" time="0"/>
  <testcase classname="org.zencoinj.utils.BtcFormatTest" name="factoryTest[153]" time="0"/>
  <testcase classname="org.zencoinj.utils.BtcFormatTest" name="parse[153]" time="0.001"/>
  <testcase classname="org.zencoinj.utils.BtcFormatTest" name="btcRounding[153]" time="0.001"/>
  <testcase classname="org.zencoinj.utils.BtcFormatTest" name="negativeTest[153]" time="0"/>
  <testcase classname="org.zencoinj.utils.BtcFormatTest" name="millicoinScaleTest[153]" time="0"/>
  <testcase classname="org.zencoinj.utils.BtcFormatTest" name="toStringTest[153]" time="0.001"/>
  <testcase classname="org.zencoinj.utils.BtcFormatTest" name="testGrouping[153]" time="0"/>
  <testcase classname="org.zencoinj.utils.BtcFormatTest" name="symbolsCodesTest[153]" time="0.001"/>
  <testcase classname="org.zencoinj.utils.BtcFormatTest" name="defaultLocaleTest[153]" time="0"/>
  <testcase classname="org.zencoinj.utils.BtcFormatTest" name="parsePositionTest[153]" time="0"/>
  <testcase classname="org.zencoinj.utils.BtcFormatTest" name="argumentTypeTest[153]" time="0"/>
  <testcase classname="org.zencoinj.utils.BtcFormatTest" name="characterIteratorTest[153]" time="0.001"/>
  <testcase classname="org.zencoinj.utils.BtcFormatTest" name="repeatingPlaceTest[153]" time="0"/>
  <testcase classname="org.zencoinj.utils.BtcFormatTest" name="currencyCodeTest[153]" time="0"/>
  <testcase classname="org.zencoinj.utils.BtcFormatTest" name="patternDecimalPlaces[153]" time="0"/>
  <testcase classname="org.zencoinj.utils.BtcFormatTest" name="factoryArgumentsTest[154]" time="0.002"/>
  <testcase classname="org.zencoinj.utils.BtcFormatTest" name="parseTest[154]" time="0.001"/>
  <testcase classname="org.zencoinj.utils.BtcFormatTest" name="microcoinScaleTest[154]" time="0"/>
  <testcase classname="org.zencoinj.utils.BtcFormatTest" name="parseMetricTest[154]" time="0.001"/>
  <testcase classname="org.zencoinj.utils.BtcFormatTest" name="coinScaleTest[154]" time="0"/>
  <testcase classname="org.zencoinj.utils.BtcFormatTest" name="builderTest[154]" time="0.002"/>
  <testcase classname="org.zencoinj.utils.BtcFormatTest" name="attributeTest[154]" time="0"/>
  <testcase classname="org.zencoinj.utils.BtcFormatTest" name="prefixTest[154]" time="0"/>
  <testcase classname="org.zencoinj.utils.BtcFormatTest" name="suffixTest[154]" time="0"/>
  <testcase classname="org.zencoinj.utils.BtcFormatTest" name="autoDecimalTest[154]" time="0.001"/>
  <testcase classname="org.zencoinj.utils.BtcFormatTest" name="symbolCollisionTest[154]" time="0.001"/>
  <testcase classname="org.zencoinj.utils.BtcFormatTest" name="equalityTest[154]" time="0.001"/>
  <testcase classname="org.zencoinj.utils.BtcFormatTest" name="columnAlignmentTest[154]" time="0.001"/>
  <testcase classname="org.zencoinj.utils.BtcFormatTest" name="factoryTest[154]" time="0.001"/>
  <testcase classname="org.zencoinj.utils.BtcFormatTest" name="parse[154]" time="0"/>
  <testcase classname="org.zencoinj.utils.BtcFormatTest" name="btcRounding[154]" time="0.001"/>
  <testcase classname="org.zencoinj.utils.BtcFormatTest" name="negativeTest[154]" time="0.001"/>
  <testcase classname="org.zencoinj.utils.BtcFormatTest" name="millicoinScaleTest[154]" time="0"/>
  <testcase classname="org.zencoinj.utils.BtcFormatTest" name="toStringTest[154]" time="0"/>
  <testcase classname="org.zencoinj.utils.BtcFormatTest" name="testGrouping[154]" time="0.001"/>
  <testcase classname="org.zencoinj.utils.BtcFormatTest" name="symbolsCodesTest[154]" time="0"/>
  <testcase classname="org.zencoinj.utils.BtcFormatTest" name="defaultLocaleTest[154]" time="0"/>
  <testcase classname="org.zencoinj.utils.BtcFormatTest" name="parsePositionTest[154]" time="0"/>
  <testcase classname="org.zencoinj.utils.BtcFormatTest" name="argumentTypeTest[154]" time="0.001"/>
  <testcase classname="org.zencoinj.utils.BtcFormatTest" name="characterIteratorTest[154]" time="0"/>
  <testcase classname="org.zencoinj.utils.BtcFormatTest" name="repeatingPlaceTest[154]" time="0"/>
  <testcase classname="org.zencoinj.utils.BtcFormatTest" name="currencyCodeTest[154]" time="0.001"/>
  <testcase classname="org.zencoinj.utils.BtcFormatTest" name="patternDecimalPlaces[154]" time="0"/>
  <testcase classname="org.zencoinj.utils.BtcFormatTest" name="factoryArgumentsTest[155]" time="0.001"/>
  <testcase classname="org.zencoinj.utils.BtcFormatTest" name="parseTest[155]" time="0.002"/>
  <testcase classname="org.zencoinj.utils.BtcFormatTest" name="microcoinScaleTest[155]" time="0"/>
  <testcase classname="org.zencoinj.utils.BtcFormatTest" name="parseMetricTest[155]" time="0.001"/>
  <testcase classname="org.zencoinj.utils.BtcFormatTest" name="coinScaleTest[155]" time="0"/>
  <testcase classname="org.zencoinj.utils.BtcFormatTest" name="builderTest[155]" time="0.001"/>
  <testcase classname="org.zencoinj.utils.BtcFormatTest" name="attributeTest[155]" time="0"/>
  <testcase classname="org.zencoinj.utils.BtcFormatTest" name="prefixTest[155]" time="0.001"/>
  <testcase classname="org.zencoinj.utils.BtcFormatTest" name="suffixTest[155]" time="0"/>
  <testcase classname="org.zencoinj.utils.BtcFormatTest" name="autoDecimalTest[155]" time="0.001"/>
  <testcase classname="org.zencoinj.utils.BtcFormatTest" name="symbolCollisionTest[155]" time="0"/>
  <testcase classname="org.zencoinj.utils.BtcFormatTest" name="equalityTest[155]" time="0.001"/>
  <testcase classname="org.zencoinj.utils.BtcFormatTest" name="columnAlignmentTest[155]" time="0"/>
  <testcase classname="org.zencoinj.utils.BtcFormatTest" name="factoryTest[155]" time="0.001"/>
  <testcase classname="org.zencoinj.utils.BtcFormatTest" name="parse[155]" time="0"/>
  <testcase classname="org.zencoinj.utils.BtcFormatTest" name="btcRounding[155]" time="0.001"/>
  <testcase classname="org.zencoinj.utils.BtcFormatTest" name="negativeTest[155]" time="0"/>
  <testcase classname="org.zencoinj.utils.BtcFormatTest" name="millicoinScaleTest[155]" time="0"/>
  <testcase classname="org.zencoinj.utils.BtcFormatTest" name="toStringTest[155]" time="0.001"/>
  <testcase classname="org.zencoinj.utils.BtcFormatTest" name="testGrouping[155]" time="0"/>
  <testcase classname="org.zencoinj.utils.BtcFormatTest" name="symbolsCodesTest[155]" time="0"/>
  <testcase classname="org.zencoinj.utils.BtcFormatTest" name="defaultLocaleTest[155]" time="0"/>
  <testcase classname="org.zencoinj.utils.BtcFormatTest" name="parsePositionTest[155]" time="0"/>
  <testcase classname="org.zencoinj.utils.BtcFormatTest" name="argumentTypeTest[155]" time="0.001"/>
  <testcase classname="org.zencoinj.utils.BtcFormatTest" name="characterIteratorTest[155]" time="0"/>
  <testcase classname="org.zencoinj.utils.BtcFormatTest" name="repeatingPlaceTest[155]" time="0"/>
  <testcase classname="org.zencoinj.utils.BtcFormatTest" name="currencyCodeTest[155]" time="0"/>
  <testcase classname="org.zencoinj.utils.BtcFormatTest" name="patternDecimalPlaces[155]" time="0"/>
  <testcase classname="org.zencoinj.utils.BtcFormatTest" name="factoryArgumentsTest[156]" time="0.001"/>
  <testcase classname="org.zencoinj.utils.BtcFormatTest" name="parseTest[156]" time="0.002"/>
  <testcase classname="org.zencoinj.utils.BtcFormatTest" name="microcoinScaleTest[156]" time="0"/>
  <testcase classname="org.zencoinj.utils.BtcFormatTest" name="parseMetricTest[156]" time="0.001"/>
  <testcase classname="org.zencoinj.utils.BtcFormatTest" name="coinScaleTest[156]" time="0"/>
  <testcase classname="org.zencoinj.utils.BtcFormatTest" name="builderTest[156]" time="0.002"/>
  <testcase classname="org.zencoinj.utils.BtcFormatTest" name="attributeTest[156]" time="0"/>
  <testcase classname="org.zencoinj.utils.BtcFormatTest" name="prefixTest[156]" time="0"/>
  <testcase classname="org.zencoinj.utils.BtcFormatTest" name="suffixTest[156]" time="0"/>
  <testcase classname="org.zencoinj.utils.BtcFormatTest" name="autoDecimalTest[156]" time="0.001"/>
  <testcase classname="org.zencoinj.utils.BtcFormatTest" name="symbolCollisionTest[156]" time="0"/>
  <testcase classname="org.zencoinj.utils.BtcFormatTest" name="equalityTest[156]" time="0.001"/>
  <testcase classname="org.zencoinj.utils.BtcFormatTest" name="columnAlignmentTest[156]" time="0"/>
  <testcase classname="org.zencoinj.utils.BtcFormatTest" name="factoryTest[156]" time="0.001"/>
  <testcase classname="org.zencoinj.utils.BtcFormatTest" name="parse[156]" time="0"/>
  <testcase classname="org.zencoinj.utils.BtcFormatTest" name="btcRounding[156]" time="0"/>
  <testcase classname="org.zencoinj.utils.BtcFormatTest" name="negativeTest[156]" time="0"/>
  <testcase classname="org.zencoinj.utils.BtcFormatTest" name="millicoinScaleTest[156]" time="0"/>
  <testcase classname="org.zencoinj.utils.BtcFormatTest" name="toStringTest[156]" time="0.001"/>
  <testcase classname="org.zencoinj.utils.BtcFormatTest" name="testGrouping[156]" time="0"/>
  <testcase classname="org.zencoinj.utils.BtcFormatTest" name="symbolsCodesTest[156]" time="0"/>
  <testcase classname="org.zencoinj.utils.BtcFormatTest" name="defaultLocaleTest[156]" time="0.001"/>
  <testcase classname="org.zencoinj.utils.BtcFormatTest" name="parsePositionTest[156]" time="0"/>
  <testcase classname="org.zencoinj.utils.BtcFormatTest" name="argumentTypeTest[156]" time="0"/>
  <testcase classname="org.zencoinj.utils.BtcFormatTest" name="characterIteratorTest[156]" time="0"/>
  <testcase classname="org.zencoinj.utils.BtcFormatTest" name="repeatingPlaceTest[156]" time="0.001"/>
  <testcase classname="org.zencoinj.utils.BtcFormatTest" name="currencyCodeTest[156]" time="0"/>
  <testcase classname="org.zencoinj.utils.BtcFormatTest" name="patternDecimalPlaces[156]" time="0"/>
  <testcase classname="org.zencoinj.utils.BtcFormatTest" name="factoryArgumentsTest[157]" time="0.001"/>
  <testcase classname="org.zencoinj.utils.BtcFormatTest" name="parseTest[157]" time="0.002"/>
  <testcase classname="org.zencoinj.utils.BtcFormatTest" name="microcoinScaleTest[157]" time="0"/>
  <testcase classname="org.zencoinj.utils.BtcFormatTest" name="parseMetricTest[157]" time="0.001"/>
  <testcase classname="org.zencoinj.utils.BtcFormatTest" name="coinScaleTest[157]" time="0"/>
  <testcase classname="org.zencoinj.utils.BtcFormatTest" name="builderTest[157]" time="0.001"/>
  <testcase classname="org.zencoinj.utils.BtcFormatTest" name="attributeTest[157]" time="0"/>
  <testcase classname="org.zencoinj.utils.BtcFormatTest" name="prefixTest[157]" time="0.001"/>
  <testcase classname="org.zencoinj.utils.BtcFormatTest" name="suffixTest[157]" time="0"/>
  <testcase classname="org.zencoinj.utils.BtcFormatTest" name="autoDecimalTest[157]" time="0.001"/>
  <testcase classname="org.zencoinj.utils.BtcFormatTest" name="symbolCollisionTest[157]" time="0"/>
  <testcase classname="org.zencoinj.utils.BtcFormatTest" name="equalityTest[157]" time="0.002"/>
  <testcase classname="org.zencoinj.utils.BtcFormatTest" name="columnAlignmentTest[157]" time="0"/>
  <testcase classname="org.zencoinj.utils.BtcFormatTest" name="factoryTest[157]" time="0"/>
  <testcase classname="org.zencoinj.utils.BtcFormatTest" name="parse[157]" time="0"/>
  <testcase classname="org.zencoinj.utils.BtcFormatTest" name="btcRounding[157]" time="0.002"/>
  <testcase classname="org.zencoinj.utils.BtcFormatTest" name="negativeTest[157]" time="0"/>
  <testcase classname="org.zencoinj.utils.BtcFormatTest" name="millicoinScaleTest[157]" time="0"/>
  <testcase classname="org.zencoinj.utils.BtcFormatTest" name="toStringTest[157]" time="0"/>
  <testcase classname="org.zencoinj.utils.BtcFormatTest" name="testGrouping[157]" time="0.001"/>
  <testcase classname="org.zencoinj.utils.BtcFormatTest" name="symbolsCodesTest[157]" time="0"/>
  <testcase classname="org.zencoinj.utils.BtcFormatTest" name="defaultLocaleTest[157]" time="0"/>
  <testcase classname="org.zencoinj.utils.BtcFormatTest" name="parsePositionTest[157]" time="0.001"/>
  <testcase classname="org.zencoinj.utils.BtcFormatTest" name="argumentTypeTest[157]" time="0"/>
  <testcase classname="org.zencoinj.utils.BtcFormatTest" name="characterIteratorTest[157]" time="0"/>
  <testcase classname="org.zencoinj.utils.BtcFormatTest" name="repeatingPlaceTest[157]" time="0"/>
  <testcase classname="org.zencoinj.utils.BtcFormatTest" name="currencyCodeTest[157]" time="0.001"/>
  <testcase classname="org.zencoinj.utils.BtcFormatTest" name="patternDecimalPlaces[157]" time="0"/>
  <testcase classname="org.zencoinj.utils.BtcFormatTest" name="factoryArgumentsTest[158]" time="0.001"/>
  <testcase classname="org.zencoinj.utils.BtcFormatTest" name="parseTest[158]" time="0.002"/>
  <testcase classname="org.zencoinj.utils.BtcFormatTest" name="microcoinScaleTest[158]" time="0"/>
  <testcase classname="org.zencoinj.utils.BtcFormatTest" name="parseMetricTest[158]" time="0.001"/>
  <testcase classname="org.zencoinj.utils.BtcFormatTest" name="coinScaleTest[158]" time="0"/>
  <testcase classname="org.zencoinj.utils.BtcFormatTest" name="builderTest[158]" time="0.001"/>
  <testcase classname="org.zencoinj.utils.BtcFormatTest" name="attributeTest[158]" time="0.001"/>
  <testcase classname="org.zencoinj.utils.BtcFormatTest" name="prefixTest[158]" time="0"/>
  <testcase classname="org.zencoinj.utils.BtcFormatTest" name="suffixTest[158]" time="0"/>
  <testcase classname="org.zencoinj.utils.BtcFormatTest" name="autoDecimalTest[158]" time="0.001"/>
  <testcase classname="org.zencoinj.utils.BtcFormatTest" name="symbolCollisionTest[158]" time="0.001"/>
  <testcase classname="org.zencoinj.utils.BtcFormatTest" name="equalityTest[158]" time="0.001"/>
  <testcase classname="org.zencoinj.utils.BtcFormatTest" name="columnAlignmentTest[158]" time="0"/>
  <testcase classname="org.zencoinj.utils.BtcFormatTest" name="factoryTest[158]" time="0.001"/>
  <testcase classname="org.zencoinj.utils.BtcFormatTest" name="parse[158]" time="0"/>
  <testcase classname="org.zencoinj.utils.BtcFormatTest" name="btcRounding[158]" time="0.001"/>
  <testcase classname="org.zencoinj.utils.BtcFormatTest" name="negativeTest[158]" time="0"/>
  <testcase classname="org.zencoinj.utils.BtcFormatTest" name="millicoinScaleTest[158]" time="0"/>
  <testcase classname="org.zencoinj.utils.BtcFormatTest" name="toStringTest[158]" time="0.001"/>
  <testcase classname="org.zencoinj.utils.BtcFormatTest" name="testGrouping[158]" time="0"/>
  <testcase classname="org.zencoinj.utils.BtcFormatTest" name="symbolsCodesTest[158]" time="0.001"/>
  <testcase classname="org.zencoinj.utils.BtcFormatTest" name="defaultLocaleTest[158]" time="0"/>
  <testcase classname="org.zencoinj.utils.BtcFormatTest" name="parsePositionTest[158]" time="0"/>
  <testcase classname="org.zencoinj.utils.BtcFormatTest" name="argumentTypeTest[158]" time="0.001"/>
  <testcase classname="org.zencoinj.utils.BtcFormatTest" name="characterIteratorTest[158]" time="0"/>
  <testcase classname="org.zencoinj.utils.BtcFormatTest" name="repeatingPlaceTest[158]" time="0"/>
  <testcase classname="org.zencoinj.utils.BtcFormatTest" name="currencyCodeTest[158]" time="0"/>
  <testcase classname="org.zencoinj.utils.BtcFormatTest" name="patternDecimalPlaces[158]" time="0"/>
  <testcase classname="org.zencoinj.utils.BtcFormatTest" name="factoryArgumentsTest[159]" time="0.001"/>
  <testcase classname="org.zencoinj.utils.BtcFormatTest" name="parseTest[159]" time="0.002"/>
  <testcase classname="org.zencoinj.utils.BtcFormatTest" name="microcoinScaleTest[159]" time="0"/>
  <testcase classname="org.zencoinj.utils.BtcFormatTest" name="parseMetricTest[159]" time="0.001"/>
  <testcase classname="org.zencoinj.utils.BtcFormatTest" name="coinScaleTest[159]" time="0"/>
  <testcase classname="org.zencoinj.utils.BtcFormatTest" name="builderTest[159]" time="0.002"/>
  <testcase classname="org.zencoinj.utils.BtcFormatTest" name="attributeTest[159]" time="0"/>
  <testcase classname="org.zencoinj.utils.BtcFormatTest" name="prefixTest[159]" time="0"/>
  <testcase classname="org.zencoinj.utils.BtcFormatTest" name="suffixTest[159]" time="0"/>
  <testcase classname="org.zencoinj.utils.BtcFormatTest" name="autoDecimalTest[159]" time="0.001"/>
  <testcase classname="org.zencoinj.utils.BtcFormatTest" name="symbolCollisionTest[159]" time="0"/>
  <testcase classname="org.zencoinj.utils.BtcFormatTest" name="equalityTest[159]" time="0.001"/>
  <testcase classname="org.zencoinj.utils.BtcFormatTest" name="columnAlignmentTest[159]" time="0"/>
  <testcase classname="org.zencoinj.utils.BtcFormatTest" name="factoryTest[159]" time="0.001"/>
  <testcase classname="org.zencoinj.utils.BtcFormatTest" name="parse[159]" time="0"/>
  <testcase classname="org.zencoinj.utils.BtcFormatTest" name="btcRounding[159]" time="0.001"/>
  <testcase classname="org.zencoinj.utils.BtcFormatTest" name="negativeTest[159]" time="0"/>
  <testcase classname="org.zencoinj.utils.BtcFormatTest" name="millicoinScaleTest[159]" time="0"/>
  <testcase classname="org.zencoinj.utils.BtcFormatTest" name="toStringTest[159]" time="0.001"/>
  <testcase classname="org.zencoinj.utils.BtcFormatTest" name="testGrouping[159]" time="0"/>
  <testcase classname="org.zencoinj.utils.BtcFormatTest" name="symbolsCodesTest[159]" time="0.001"/>
  <testcase classname="org.zencoinj.utils.BtcFormatTest" name="defaultLocaleTest[159]" time="0"/>
  <testcase classname="org.zencoinj.utils.BtcFormatTest" name="parsePositionTest[159]" time="0"/>
  <testcase classname="org.zencoinj.utils.BtcFormatTest" name="argumentTypeTest[159]" time="0"/>
  <testcase classname="org.zencoinj.utils.BtcFormatTest" name="characterIteratorTest[159]" time="0.001"/>
  <testcase classname="org.zencoinj.utils.BtcFormatTest" name="repeatingPlaceTest[159]" time="0"/>
  <testcase classname="org.zencoinj.utils.BtcFormatTest" name="currencyCodeTest[159]" time="0"/>
  <testcase classname="org.zencoinj.utils.BtcFormatTest" name="patternDecimalPlaces[159]" time="0"/>
</testsuite>