<?xml version="1.0" encoding="UTF-8" ?>
<testsuite tests="21" failures="0" name="org.zencoinj.wallet.DeterministicKeyChainTest" time="1.865" errors="3" skipped="0">
  <properties>
[...]
</properties>
  <testcase classname="org.zencoinj.wallet.DeterministicKeyChainTest" name="deriveAccountOne" time="0.122">
    <error message="Version code of address did not match acceptable versions for network: [I@314b8f2d" type="org.zencoinj.core.AddressFormatException$WrongNetwork">org.zencoinj.core.AddressFormatException$WrongNetwork: Version code of address did not match acceptable versions for network: [I@314b8f2d
	at org.zencoinj.core.LegacyAddress.fromBase58(LegacyAddress.java:163)
	at org.zencoinj.wallet.DeterministicKeyChainTest.deriveAccountOne(DeterministicKeyChainTest.java:112)
	at sun.reflect.NativeMethodAccessorImpl.invoke0(Native Method)
	at sun.reflect.NativeMethodAccessorImpl.invoke(NativeMethodAccessorImpl.java:62)
	at sun.reflect.DelegatingMethodAccessorImpl.invoke(DelegatingMethodAccessorImpl.java:43)
	at java.lang.reflect.Method.invoke(Method.java:498)
	at org.junit.runners.model.FrameworkMethod$1.runReflectiveCall(FrameworkMethod.java:50)
	at org.junit.internal.runners.model.ReflectiveCallable.run(ReflectiveCallable.java:12)
	at org.junit.runners.model.FrameworkMethod.invokeExplosively(FrameworkMethod.java:47)
	at org.junit.internal.runners.statements.InvokeMethod.evaluate(InvokeMethod.java:17)
	at org.junit.internal.runners.statements.RunBefores.evaluate(RunBefores.java:26)
	at org.junit.runners.ParentRunner.runLeaf(ParentRunner.java:325)
	at org.junit.runners.BlockJUnit4ClassRunner.runChild(BlockJUnit4ClassRunner.java:78)
	at org.junit.runners.BlockJUnit4ClassRunner.runChild(BlockJUnit4ClassRunner.java:57)
	at org.junit.runners.ParentRunner$3.run(ParentRunner.java:290)
	at org.junit.runners.ParentRunner$1.schedule(ParentRunner.java:71)
	at org.junit.runners.ParentRunner.runChildren(ParentRunner.java:288)
	at org.junit.runners.ParentRunner.access$000(ParentRunner.java:58)
	at org.junit.runners.ParentRunner$2.evaluate(ParentRunner.java:268)
	at org.junit.runners.ParentRunner.run(ParentRunner.java:363)
	at org.apache.maven.surefire.junit4.JUnit4Provider.execute(JUnit4Provider.java:252)
	at org.apache.maven.surefire.junit4.JUnit4Provider.executeTestSet(JUnit4Provider.java:141)
	at org.apache.maven.surefire.junit4.JUnit4Provider.invoke(JUnit4Provider.java:112)
	at sun.reflect.NativeMethodAccessorImpl.invoke0(Native Method)
	at sun.reflect.NativeMethodAccessorImpl.invoke(NativeMethodAccessorImpl.java:62)
	at sun.reflect.DelegatingMethodAccessorImpl.invoke(DelegatingMethodAccessorImpl.java:43)
	at java.lang.reflect.Method.invoke(Method.java:498)
	at org.apache.maven.surefire.util.ReflectionUtils.invokeMethodWithArray(ReflectionUtils.java:189)
	at org.apache.maven.surefire.booter.ProviderFactory$ProviderProxy.invoke(ProviderFactory.java:165)
	at org.apache.maven.surefire.booter.ProviderFactory.invokeProvider(ProviderFactory.java:85)
	at org.apache.maven.surefire.booter.ForkedBooter.runSuitesInProcess(ForkedBooter.java:115)
	at org.apache.maven.surefire.booter.ForkedBooter.main(ForkedBooter.java:75)
</error>
    <system-err>18:24:28 1 MnemonicCode.toSeed: PBKDF2 took 31.59 ms
18:24:28 1 MnemonicCode.toSeed: PBKDF2 took 31.67 ms
18:24:28 1 MnemonicCode.toSeed: PBKDF2 took 32.09 ms
18:24:28 1 DeterministicKeyChain.maybeLookAhead: 1 keys needed for M/1/0 = 1 issued + 0 lookahead size + 0 lookahead threshold - 0 num children
18:24:28 1 DeterministicKeyChain.maybeLookAhead: Took 356.7 μs
18:24:28 1 DeterministicKeyChain.maybeLookAhead: 1 keys needed for M/1/0 = 2 issued + 0 lookahead size + 0 lookahead threshold - 1 num children
18:24:28 1 DeterministicKeyChain.maybeLookAhead: Took 290.3 μs
</system-err>
  </testcase>
  <testcase classname="org.zencoinj.wallet.DeterministicKeyChainTest" name="encryptTwice" time="0.101"/>
  <testcase classname="org.zencoinj.wallet.DeterministicKeyChainTest" name="encryption" time="0.485"/>
  <testcase classname="org.zencoinj.wallet.DeterministicKeyChainTest" name="bloom1" time="0.045"/>
  <testcase classname="org.zencoinj.wallet.DeterministicKeyChainTest" name="bloom2" time="0.117"/>
  <testcase classname="org.zencoinj.wallet.DeterministicKeyChainTest" name="derive" time="0.052">
    <error message="Version code of address did not match acceptable versions for network: [I@6e9319f" type="org.zencoinj.core.AddressFormatException$WrongNetwork">org.zencoinj.core.AddressFormatException$WrongNetwork: Version code of address did not match acceptable versions for network: [I@6e9319f
	at org.zencoinj.core.LegacyAddress.fromBase58(LegacyAddress.java:163)
	at org.zencoinj.wallet.DeterministicKeyChainTest.derive(DeterministicKeyChainTest.java:81)
	at sun.reflect.NativeMethodAccessorImpl.invoke0(Native Method)
	at sun.reflect.NativeMethodAccessorImpl.invoke(NativeMethodAccessorImpl.java:62)
	at sun.reflect.DelegatingMethodAccessorImpl.invoke(DelegatingMethodAccessorImpl.java:43)
	at java.lang.reflect.Method.invoke(Method.java:498)
	at org.junit.runners.model.FrameworkMethod$1.runReflectiveCall(FrameworkMethod.java:50)
	at org.junit.internal.runners.model.ReflectiveCallable.run(ReflectiveCallable.java:12)
	at org.junit.runners.model.FrameworkMethod.invokeExplosively(FrameworkMethod.java:47)
	at org.junit.internal.runners.statements.InvokeMethod.evaluate(InvokeMethod.java:17)
	at org.junit.internal.runners.statements.RunBefores.evaluate(RunBefores.java:26)
	at org.junit.runners.ParentRunner.runLeaf(ParentRunner.java:325)
	at org.junit.runners.BlockJUnit4ClassRunner.runChild(BlockJUnit4ClassRunner.java:78)
	at org.junit.runners.BlockJUnit4ClassRunner.runChild(BlockJUnit4ClassRunner.java:57)
	at org.junit.runners.ParentRunner$3.run(ParentRunner.java:290)
	at org.junit.runners.ParentRunner$1.schedule(ParentRunner.java:71)
	at org.junit.runners.ParentRunner.runChildren(ParentRunner.java:288)
	at org.junit.runners.ParentRunner.access$000(ParentRunner.java:58)
	at org.junit.runners.ParentRunner$2.evaluate(ParentRunner.java:268)
	at org.junit.runners.ParentRunner.run(ParentRunner.java:363)
	at org.apache.maven.surefire.junit4.JUnit4Provider.execute(JUnit4Provider.java:252)
	at org.apache.maven.surefire.junit4.JUnit4Provider.executeTestSet(JUnit4Provider.java:141)
	at org.apache.maven.surefire.junit4.JUnit4Provider.invoke(JUnit4Provider.java:112)
	at sun.reflect.NativeMethodAccessorImpl.invoke0(Native Method)
	at sun.reflect.NativeMethodAccessorImpl.invoke(NativeMethodAccessorImpl.java:62)
	at sun.reflect.DelegatingMethodAccessorImpl.invoke(DelegatingMethodAccessorImpl.java:43)
	at java.lang.reflect.Method.invoke(Method.java:498)
	at org.apache.maven.surefire.util.ReflectionUtils.invokeMethodWithArray(ReflectionUtils.java:189)
	at org.apache.maven.surefire.booter.ProviderFactory$ProviderProxy.invoke(ProviderFactory.java:165)
	at org.apache.maven.surefire.booter.ProviderFactory.invokeProvider(ProviderFactory.java:85)
	at org.apache.maven.surefire.booter.ForkedBooter.runSuitesInProcess(ForkedBooter.java:115)
	at org.apache.maven.surefire.booter.ForkedBooter.main(ForkedBooter.java:75)
</error>
    <system-err>18:24:29 1 MnemonicCode.toSeed: PBKDF2 took 29.94 ms
18:24:29 1 MnemonicCode.toSeed: PBKDF2 took 18.71 ms
18:24:29 1 DeterministicKeyChain.maybeLookAhead: 1 keys needed for M/0H/0 = 1 issued + 0 lookahead size + 0 lookahead threshold - 0 num children
18:24:29 1 DeterministicKeyChain.maybeLookAhead: Took 142.7 μs
18:24:29 1 DeterministicKeyChain.maybeLookAhead: 1 keys needed for M/0H/0 = 2 issued + 0 lookahead size + 0 lookahead threshold - 1 num children
18:24:29 1 DeterministicKeyChain.maybeLookAhead: Took 102.9 μs
</system-err>
  </testcase>
  <testcase classname="org.zencoinj.wallet.DeterministicKeyChainTest" name="events" time="0.075"/>
  <testcase classname="org.zencoinj.wallet.DeterministicKeyChainTest" name="serializeUnencryptedBIP44" time="0.135"/>
  <testcase classname="org.zencoinj.wallet.DeterministicKeyChainTest" name="random" time="0.065"/>
  <testcase classname="org.zencoinj.wallet.DeterministicKeyChainTest" name="watchingChainArbitraryPath" time="0.06"/>
  <testcase classname="org.zencoinj.wallet.DeterministicKeyChainTest" name="signMessage" time="0.041"/>
  <testcase classname="org.zencoinj.wallet.DeterministicKeyChainTest" name="getKeys" time="0.046"/>
  <testcase classname="org.zencoinj.wallet.DeterministicKeyChainTest" name="watchingChain" time="0.053"/>
  <testcase classname="org.zencoinj.wallet.DeterministicKeyChainTest" name="spendingChainAccountTwo" time="0.089"/>
  <testcase classname="org.zencoinj.wallet.DeterministicKeyChainTest" name="spendingChain" time="0.057"/>
  <testcase classname="org.zencoinj.wallet.DeterministicKeyChainTest" name="serializeAccountOne" time="0.055">
    <error message="Version code of address did not match acceptable versions for network: [I@5ef8df1e" type="org.zencoinj.core.AddressFormatException$WrongNetwork">org.zencoinj.core.AddressFormatException$WrongNetwork: Version code of address did not match acceptable versions for network: [I@5ef8df1e
	at org.zencoinj.core.LegacyAddress.fromBase58(LegacyAddress.java:163)
	at org.zencoinj.wallet.DeterministicKeyChainTest.serializeAccountOne(DeterministicKeyChainTest.java:146)
	at sun.reflect.NativeMethodAccessorImpl.invoke0(Native Method)
	at sun.reflect.NativeMethodAccessorImpl.invoke(NativeMethodAccessorImpl.java:62)
	at sun.reflect.DelegatingMethodAccessorImpl.invoke(DelegatingMethodAccessorImpl.java:43)
	at java.lang.reflect.Method.invoke(Method.java:498)
	at org.junit.runners.model.FrameworkMethod$1.runReflectiveCall(FrameworkMethod.java:50)
	at org.junit.internal.runners.model.ReflectiveCallable.run(ReflectiveCallable.java:12)
	at org.junit.runners.model.FrameworkMethod.invokeExplosively(FrameworkMethod.java:47)
	at org.junit.internal.runners.statements.InvokeMethod.evaluate(InvokeMethod.java:17)
	at org.junit.internal.runners.statements.RunBefores.evaluate(RunBefores.java:26)
	at org.junit.runners.ParentRunner.runLeaf(ParentRunner.java:325)
	at org.junit.runners.BlockJUnit4ClassRunner.runChild(BlockJUnit4ClassRunner.java:78)
	at org.junit.runners.BlockJUnit4ClassRunner.runChild(BlockJUnit4ClassRunner.java:57)
	at org.junit.runners.ParentRunner$3.run(ParentRunner.java:290)
	at org.junit.runners.ParentRunner$1.schedule(ParentRunner.java:71)
	at org.junit.runners.ParentRunner.runChildren(ParentRunner.java:288)
	at org.junit.runners.ParentRunner.access$000(ParentRunner.java:58)
	at org.junit.runners.ParentRunner$2.evaluate(ParentRunner.java:268)
	at org.junit.runners.ParentRunner.run(ParentRunner.java:363)
	at org.apache.maven.surefire.junit4.JUnit4Provider.execute(JUnit4Provider.java:252)
	at org.apache.maven.surefire.junit4.JUnit4Provider.executeTestSet(JUnit4Provider.java:141)
	at org.apache.maven.surefire.junit4.JUnit4Provider.invoke(JUnit4Provider.java:112)
	at sun.reflect.NativeMethodAccessorImpl.invoke0(Native Method)
	at sun.reflect.NativeMethodAccessorImpl.invoke(NativeMethodAccessorImpl.java:62)
	at sun.reflect.DelegatingMethodAccessorImpl.invoke(DelegatingMethodAccessorImpl.java:43)
	at java.lang.reflect.Method.invoke(Method.java:498)
	at org.apache.maven.surefire.util.ReflectionUtils.invokeMethodWithArray(ReflectionUtils.java:189)
	at org.apache.maven.surefire.booter.ProviderFactory$ProviderProxy.invoke(ProviderFactory.java:165)
	at org.apache.maven.surefire.booter.ProviderFactory.invokeProvider(ProviderFactory.java:85)
	at org.apache.maven.surefire.booter.ForkedBooter.runSuitesInProcess(ForkedBooter.java:115)
	at org.apache.maven.surefire.booter.ForkedBooter.main(ForkedBooter.java:75)
</error>
    <system-err>18:24:30 1 MnemonicCode.toSeed: PBKDF2 took 17.48 ms
18:24:30 1 MnemonicCode.toSeed: PBKDF2 took 18.28 ms
18:24:30 1 MnemonicCode.toSeed: PBKDF2 took 16.76 ms
18:24:30 1 DeterministicKeyChain.maybeLookAhead: 1 keys needed for M/1/0 = 1 issued + 0 lookahead size + 0 lookahead threshold - 0 num children
18:24:30 1 DeterministicKeyChain.maybeLookAhead: Took 115.0 μs
</system-err>
  </testcase>
  <testcase classname="org.zencoinj.wallet.DeterministicKeyChainTest" name="masterKeyAccount" time="0.078"/>
  <testcase classname="org.zencoinj.wallet.DeterministicKeyChainTest" name="watchingCannotEncrypt" time="0.043"/>
  <testcase classname="org.zencoinj.wallet.DeterministicKeyChainTest" name="serializeUnencrypted" time="0.057"/>
  <testcase classname="org.zencoinj.wallet.DeterministicKeyChainTest" name="watchingChainAccountOne" time="0.051"/>
  <testcase classname="org.zencoinj.wallet.DeterministicKeyChainTest" name="notEncrypted" time="0.038"/>
</testsuite>