<?xml version="1.0" encoding="UTF-8" ?>
<testsuite tests="4" failures="0" name="org.zencoinj.core.TransactionOutputTest" time="0.108" errors="1" skipped="0">
  <properties>
[...]
</properties>
  <testcase classname="org.zencoinj.core.TransactionOutputTest" name="getMinNonDustValue" time="0.027"/>
  <testcase classname="org.zencoinj.core.TransactionOutputTest" name="testMultiSigOutputToString" time="0.036"/>
  <testcase classname="org.zencoinj.core.TransactionOutputTest" name="testP2SHOutputScript" time="0.02">
    <error message="Version code of address did not match acceptable versions for network: [I@2bd2b28e" type="org.zencoinj.core.AddressFormatException$WrongNetwork">org.zencoinj.core.AddressFormatException$WrongNetwork: Version code of address did not match acceptable versions for network: [I@2bd2b28e
	at org.zencoinj.core.LegacyAddress.fromBase58(LegacyAddress.java:163)
	at org.zencoinj.core.TransactionOutputTest.testP2SHOutputScript(TransactionOutputTest.java:70)
	at sun.reflect.NativeMethodAccessorImpl.invoke0(Native Method)
	at sun.reflect.NativeMethodAccessorImpl.invoke(NativeMethodAccessorImpl.java:62)
	at sun.reflect.DelegatingMethodAccessorImpl.invoke(DelegatingMethodAccessorImpl.java:43)
	at java.lang.reflect.Method.invoke(Method.java:498)
	at org.junit.runners.model.FrameworkMethod$1.runReflectiveCall(FrameworkMethod.java:50)
	at org.junit.internal.runners.model.ReflectiveCallable.run(ReflectiveCallable.java:12)
	at org.junit.runners.model.FrameworkMethod.invokeExplosively(FrameworkMethod.java:47)
	at org.junit.internal.runners.statements.InvokeMethod.evaluate(InvokeMethod.java:17)
	at org.junit.internal.runners.statements.RunBefores.evaluate(RunBefores.java:26)
	at org.junit.internal.runners.statements.RunAfters.evaluate(RunAfters.java:27)
	at org.junit.runners.ParentRunner.runLeaf(ParentRunner.java:325)
	at org.junit.runners.BlockJUnit4ClassRunner.runChild(BlockJUnit4ClassRunner.java:78)
	at org.junit.runners.BlockJUnit4ClassRunner.runChild(BlockJUnit4ClassRunner.java:57)
	at org.junit.runners.ParentRunner$3.run(ParentRunner.java:290)
	at org.junit.runners.ParentRunner$1.schedule(ParentRunner.java:71)
	at org.junit.runners.ParentRunner.runChildren(ParentRunner.java:288)
	at org.junit.runners.ParentRunner.access$000(ParentRunner.java:58)
	at org.junit.runners.ParentRunner$2.evaluate(ParentRunner.java:268)
	at org.junit.runners.ParentRunner.run(ParentRunner.java:363)
	at org.apache.maven.surefire.junit4.JUnit4Provider.execute(JUnit4Provider.java:252)
	at org.apache.maven.surefire.junit4.JUnit4Provider.executeTestSet(JUnit4Provider.java:141)
	at org.apache.maven.surefire.junit4.JUnit4Provider.invoke(JUnit4Provider.java:112)
	at sun.reflect.NativeMethodAccessorImpl.invoke0(Native Method)
	at sun.reflect.NativeMethodAccessorImpl.invoke(NativeMethodAccessorImpl.java:62)
	at sun.reflect.DelegatingMethodAccessorImpl.invoke(DelegatingMethodAccessorImpl.java:43)
	at java.lang.reflect.Method.invoke(Method.java:498)
	at org.apache.maven.surefire.util.ReflectionUtils.invokeMethodWithArray(ReflectionUtils.java:189)
	at org.apache.maven.surefire.booter.ProviderFactory$ProviderProxy.invoke(ProviderFactory.java:165)
	at org.apache.maven.surefire.booter.ProviderFactory.invokeProvider(ProviderFactory.java:85)
	at org.apache.maven.surefire.booter.ForkedBooter.runSuitesInProcess(ForkedBooter.java:115)
	at org.apache.maven.surefire.booter.ForkedBooter.main(ForkedBooter.java:75)
</error>
    <system-err>18:24:25 1 Context.&lt;init&gt;: Creating zencoinj 0.15-SNAPSHOT context.
18:24:25 1 MnemonicCode.toSeed: PBKDF2 took 17.45 ms
18:24:25 1 KeyChainGroup.addAndActivateHDChain: Creating and activating a new HD chain: org.zencoinj.wallet.DeterministicKeyChain@4d18aa28
18:24:25 1 DeterministicKeyChain.maybeLookAhead: 1 keys needed for M/0H/0 = 1 issued + 0 lookahead size + 0 lookahead threshold - 0 num children
18:24:25 1 DeterministicKeyChain.maybeLookAhead: Took 88.07 μs
18:24:25 1 AbstractBlockChain.&lt;init&gt;: chain head is at height 0:
 block: 
   hash: 16b4814d95c78b07a85026c9c1f36e6abea434baa40b65025fb8d47d94bb9204
   version: 1
   previous block: 0000000000000000000000000000000000000000000000000000000000000000
   merkle root: 4a5e1e4baab89f3a32518a88c31bc87f618f76673e2cc77ab2127b7afdeda33b
   time: 1537179847 (2018-09-17T10:24:07Z)
   difficulty target (nBits): 545259519
   nonce: 1

</system-err>
  </testcase>
  <testcase classname="org.zencoinj.core.TransactionOutputTest" name="getAddressTests" time="0.025"/>
</testsuite>