<?xml version="1.0" encoding="UTF-8" ?>
<testsuite tests="96" failures="0" name="org.zencoinj.core.PeerTest" time="3.107" errors="0" skipped="0">
  <properties>
[...]
</properties>
  <testcase classname="org.zencoinj.core.PeerTest" name="recursiveDependencyDownloadDisabled[0]" time="0.028"/>
  <testcase classname="org.zencoinj.core.PeerTest" name="testAddConnectedEventListener[0]" time="0.027"/>
  <testcase classname="org.zencoinj.core.PeerTest" name="acceptTimeLockedDependency[0]" time="0.055"/>
  <testcase classname="org.zencoinj.core.PeerTest" name="timeLockedTransactionNew[0]" time="0.054"/>
  <testcase classname="org.zencoinj.core.PeerTest" name="invDownloadTx[0]" time="0.034"/>
  <testcase classname="org.zencoinj.core.PeerTest" name="disconnectOldVersions1[0]" time="0.027"/>
  <testcase classname="org.zencoinj.core.PeerTest" name="rejectTimeLockedDependency[0]" time="0.048"/>
  <testcase classname="org.zencoinj.core.PeerTest" name="invNoDownload[0]" time="0.025"/>
  <testcase classname="org.zencoinj.core.PeerTest" name="badMessage[0]" time="0.024"/>
  <testcase classname="org.zencoinj.core.PeerTest" name="pingPong[0]" time="0.029"/>
  <testcase classname="org.zencoinj.core.PeerTest" name="shutdown[0]" time="0.021"/>
  <testcase classname="org.zencoinj.core.PeerTest" name="fastCatchup[0]" time="0.028"/>
  <testcase classname="org.zencoinj.core.PeerTest" name="chainDownloadEnd2End[0]" time="0.032"/>
  <testcase classname="org.zencoinj.core.PeerTest" name="testAddDisconnectedEventListener[0]" time="0.033"/>
  <testcase classname="org.zencoinj.core.PeerTest" name="exceptionListener[0]" time="0.032"/>
  <testcase classname="org.zencoinj.core.PeerTest" name="startBlockChainDownload[0]" time="0.026"/>
  <testcase classname="org.zencoinj.core.PeerTest" name="newBlock[0]" time="0.033"/>
  <testcase classname="org.zencoinj.core.PeerTest" name="recursiveDependencyDownload_depthLimited[0]" time="0.036"/>
  <testcase classname="org.zencoinj.core.PeerTest" name="getLargeBlock[0]" time="0.056"/>
  <testcase classname="org.zencoinj.core.PeerTest" name="recursiveDependencyDownload[0]" time="0.034"/>
  <testcase classname="org.zencoinj.core.PeerTest" name="invDownloadTxMultiPeer[0]" time="0.029"/>
  <testcase classname="org.zencoinj.core.PeerTest" name="invTickle[0]" time="0.05"/>
  <testcase classname="org.zencoinj.core.PeerTest" name="getBlock[0]" time="0.037"/>
  <testcase classname="org.zencoinj.core.PeerTest" name="getUTXOs[0]" time="0.025"/>
  <testcase classname="org.zencoinj.core.PeerTest" name="recursiveDependencyDownloadDisabled[1]" time="0.03"/>
  <testcase classname="org.zencoinj.core.PeerTest" name="testAddConnectedEventListener[1]" time="0.026"/>
  <testcase classname="org.zencoinj.core.PeerTest" name="acceptTimeLockedDependency[1]" time="0.057"/>
  <testcase classname="org.zencoinj.core.PeerTest" name="timeLockedTransactionNew[1]" time="0.052"/>
  <testcase classname="org.zencoinj.core.PeerTest" name="invDownloadTx[1]" time="0.035"/>
  <testcase classname="org.zencoinj.core.PeerTest" name="disconnectOldVersions1[1]" time="0.03"/>
  <testcase classname="org.zencoinj.core.PeerTest" name="rejectTimeLockedDependency[1]" time="0.049"/>
  <testcase classname="org.zencoinj.core.PeerTest" name="invNoDownload[1]" time="0.031"/>
  <testcase classname="org.zencoinj.core.PeerTest" name="badMessage[1]" time="0.024"/>
  <testcase classname="org.zencoinj.core.PeerTest" name="pingPong[1]" time="0.029"/>
  <testcase classname="org.zencoinj.core.PeerTest" name="shutdown[1]" time="0.02"/>
  <testcase classname="org.zencoinj.core.PeerTest" name="fastCatchup[1]" time="0.03"/>
  <testcase classname="org.zencoinj.core.PeerTest" name="chainDownloadEnd2End[1]" time="0.032"/>
  <testcase classname="org.zencoinj.core.PeerTest" name="testAddDisconnectedEventListener[1]" time="0.027"/>
  <testcase classname="org.zencoinj.core.PeerTest" name="exceptionListener[1]" time="0.029"/>
  <testcase classname="org.zencoinj.core.PeerTest" name="startBlockChainDownload[1]" time="0.026"/>
  <testcase classname="org.zencoinj.core.PeerTest" name="newBlock[1]" time="0.029"/>
  <testcase classname="org.zencoinj.core.PeerTest" name="recursiveDependencyDownload_depthLimited[1]" time="0.025"/>
  <testcase classname="org.zencoinj.core.PeerTest" name="getLargeBlock[1]" time="0.053"/>
  <testcase classname="org.zencoinj.core.PeerTest" name="recursiveDependencyDownload[1]" time="0.031"/>
  <testcase classname="org.zencoinj.core.PeerTest" name="invDownloadTxMultiPeer[1]" time="0.024"/>
  <testcase classname="org.zencoinj.core.PeerTest" name="invTickle[1]" time="0.03"/>
  <testcase classname="org.zencoinj.core.PeerTest" name="getBlock[1]" time="0.023"/>
  <testcase classname="org.zencoinj.core.PeerTest" name="getUTXOs[1]" time="0.024"/>
  <testcase classname="org.zencoinj.core.PeerTest" name="recursiveDependencyDownloadDisabled[2]" time="0.027"/>
  <testcase classname="org.zencoinj.core.PeerTest" name="testAddConnectedEventListener[2]" time="0.026"/>
  <testcase classname="org.zencoinj.core.PeerTest" name="acceptTimeLockedDependency[2]" time="0.047"/>
  <testcase classname="org.zencoinj.core.PeerTest" name="timeLockedTransactionNew[2]" time="0.049"/>
  <testcase classname="org.zencoinj.core.PeerTest" name="invDownloadTx[2]" time="0.028"/>
  <testcase classname="org.zencoinj.core.PeerTest" name="disconnectOldVersions1[2]" time="0.036"/>
  <testcase classname="org.zencoinj.core.PeerTest" name="rejectTimeLockedDependency[2]" time="0.055"/>
  <testcase classname="org.zencoinj.core.PeerTest" name="invNoDownload[2]" time="0.036"/>
  <testcase classname="org.zencoinj.core.PeerTest" name="badMessage[2]" time="0.034"/>
  <testcase classname="org.zencoinj.core.PeerTest" name="pingPong[2]" time="0.029"/>
  <testcase classname="org.zencoinj.core.PeerTest" name="shutdown[2]" time="0.023"/>
  <testcase classname="org.zencoinj.core.PeerTest" name="fastCatchup[2]" time="0.024"/>
  <testcase classname="org.zencoinj.core.PeerTest" name="chainDownloadEnd2End[2]" time="0.031"/>
  <testcase classname="org.zencoinj.core.PeerTest" name="testAddDisconnectedEventListener[2]" time="0.022"/>
  <testcase classname="org.zencoinj.core.PeerTest" name="exceptionListener[2]" time="0.033"/>
  <testcase classname="org.zencoinj.core.PeerTest" name="startBlockChainDownload[2]" time="0.029"/>
  <testcase classname="org.zencoinj.core.PeerTest" name="newBlock[2]" time="0.027"/>
  <testcase classname="org.zencoinj.core.PeerTest" name="recursiveDependencyDownload_depthLimited[2]" time="0.027"/>
  <testcase classname="org.zencoinj.core.PeerTest" name="getLargeBlock[2]" time="0.051"/>
  <testcase classname="org.zencoinj.core.PeerTest" name="recursiveDependencyDownload[2]" time="0.026"/>
  <testcase classname="org.zencoinj.core.PeerTest" name="invDownloadTxMultiPeer[2]" time="0.025"/>
  <testcase classname="org.zencoinj.core.PeerTest" name="invTickle[2]" time="0.029"/>
  <testcase classname="org.zencoinj.core.PeerTest" name="getBlock[2]" time="0.027"/>
  <testcase classname="org.zencoinj.core.PeerTest" name="getUTXOs[2]" time="0.022"/>
  <testcase classname="org.zencoinj.core.PeerTest" name="recursiveDependencyDownloadDisabled[3]" time="0.027"/>
  <testcase classname="org.zencoinj.core.PeerTest" name="testAddConnectedEventListener[3]" time="0.024"/>
  <testcase classname="org.zencoinj.core.PeerTest" name="acceptTimeLockedDependency[3]" time="0.048"/>
  <testcase classname="org.zencoinj.core.PeerTest" name="timeLockedTransactionNew[3]" time="0.051"/>
  <testcase classname="org.zencoinj.core.PeerTest" name="invDownloadTx[3]" time="0.036"/>
  <testcase classname="org.zencoinj.core.PeerTest" name="disconnectOldVersions1[3]" time="0.028"/>
  <testcase classname="org.zencoinj.core.PeerTest" name="rejectTimeLockedDependency[3]" time="0.05"/>
  <testcase classname="org.zencoinj.core.PeerTest" name="invNoDownload[3]" time="0.028"/>
  <testcase classname="org.zencoinj.core.PeerTest" name="badMessage[3]" time="0.034"/>
  <testcase classname="org.zencoinj.core.PeerTest" name="pingPong[3]" time="0.022"/>
  <testcase classname="org.zencoinj.core.PeerTest" name="shutdown[3]" time="0.026"/>
  <testcase classname="org.zencoinj.core.PeerTest" name="fastCatchup[3]" time="0.026"/>
  <testcase classname="org.zencoinj.core.PeerTest" name="chainDownloadEnd2End[3]" time="0.032"/>
  <testcase classname="org.zencoinj.core.PeerTest" name="testAddDisconnectedEventListener[3]" time="0.029"/>
  <testcase classname="org.zencoinj.core.PeerTest" name="exceptionListener[3]" time="0.035"/>
  <testcase classname="org.zencoinj.core.PeerTest" name="startBlockChainDownload[3]" time="0.025"/>
  <testcase classname="org.zencoinj.core.PeerTest" name="newBlock[3]" time="0.025"/>
  <testcase classname="org.zencoinj.core.PeerTest" name="recursiveDependencyDownload_depthLimited[3]" time="0.029"/>
  <testcase classname="org.zencoinj.core.PeerTest" name="getLargeBlock[3]" time="0.052"/>
  <testcase classname="org.zencoinj.core.PeerTest" name="recursiveDependencyDownload[3]" time="0.024"/>
  <testcase classname="org.zencoinj.core.PeerTest" name="invDownloadTxMultiPeer[3]" time="0.028"/>
  <testcase classname="org.zencoinj.core.PeerTest" name="invTickle[3]" time="0.026"/>
  <testcase classname="org.zencoinj.core.PeerTest" name="getBlock[3]" time="0.027"/>
  <testcase classname="org.zencoinj.core.PeerTest" name="getUTXOs[3]" time="0.023"/>
</testsuite>